sample.interval=20000
"as.factor" "split.default" "split" "lapply" "split.data.frame" "split" "make_lags" "PanelMatch" 
"dplyr::lag" "FUN" "apply" "as.data.frame" "FUN" "lapply" "make_lags" "PanelMatch" 
"row.names<-" "data.frame" "cbind" "cbind" "FUN" "lapply" "make_lags" "PanelMatch" 
"as.matrix.data.frame" "as.matrix" "apply" "as.data.frame" "FUN" "lapply" "make_lags" "PanelMatch" 
"as.matrix.data.frame" "as.matrix" "apply" "as.data.frame" "FUN" "lapply" "make_lags" "PanelMatch" 
"as.list" "data.frame" "cbind" "cbind" "FUN" "lapply" "make_lags" "PanelMatch" 
"getExportedValue" "::" "FUN" "apply" "as.data.frame" "FUN" "lapply" "make_lags" "PanelMatch" 
"bind_rows_" "dplyr::bind_rows" "make_lags" "PanelMatch" 
"parse" "eval" "DataCombine::slide" "FUN" "lapply" "PanelMatch" 
"mutate_impl" "mutate.tbl_df" "dplyr::mutate" "DataCombine::slide" "FUN" "lapply" "PanelMatch" 
"type_of" "switch_type" "is_copyable" "set_attrs" "[.quosures" "[" "vapply" "map_mold" "map_chr" "exprs_auto_name" "group_by_prepare" "group_by.data.frame" "group_by" "group_by_.data.frame" "group_by_" "DataCombine::slide" "FUN" "lapply" "PanelMatch" 
"anyDuplicated.default" "anyDuplicated" "[.data.frame" "[" "DataCombine::slide" "FUN" "lapply" "PanelMatch" 
"stopifnot" "head.default" "head" "shift" "evalq" "evalq" "doTryCatch" "tryCatchOne" "tryCatchList" "doTryCatch" "tryCatchOne" "tryCatchList" "tryCatch" "mutate_impl" "mutate.tbl_df" "dplyr::mutate" "eval" "eval" "DataCombine::slide" "FUN" "lapply" "PanelMatch" 
"paste" "do.call" "merge.data.frame" "merge" "f" "Reduce" "PanelMatch" 
"paste" "do.call" "merge.data.frame" "merge" "f" "Reduce" "PanelMatch" 
"paste" "do.call" "merge.data.frame" "merge" "f" "Reduce" "PanelMatch" 
"merge.data.frame" "merge" "f" "Reduce" "PanelMatch" 
"sort.list" "[.data.frame" "[" "merge.data.frame" "merge" "f" "Reduce" "PanelMatch" 
"paste" "do.call" "merge.data.frame" "merge" "f" "Reduce" "PanelMatch" 
"paste" "do.call" "merge.data.frame" "merge" "f" "Reduce" "PanelMatch" 
"paste" "do.call" "merge.data.frame" "merge" "f" "Reduce" "PanelMatch" 
"paste" "do.call" "merge.data.frame" "merge" "f" "Reduce" "PanelMatch" 
"paste" "do.call" "merge.data.frame" "merge" "f" "Reduce" "PanelMatch" 
"paste" "do.call" "merge.data.frame" "merge" "f" "Reduce" "PanelMatch" 
"paste" "do.call" "merge.data.frame" "merge" "f" "Reduce" "PanelMatch" 
"as.numeric" "FUN" "lapply" "PanelMatch" 
"as.numeric" "FUN" "lapply" "PanelMatch" 
"as.numeric" "FUN" "lapply" "PanelMatch" 
"anyDuplicated.default" "anyDuplicated" "[.data.frame" "[" "PanelMatch" 
".Call" "findDDmatched2" "lapply" "unlist" "Filter" "lapply" "PanelMatch" 
"unlist" "FUN" "lapply" "PanelMatch" 
"FUN" "lapply" "unlist" "FUN" "lapply" "PanelMatch" 
"FUN" "lapply" "unlist" "FUN" "lapply" "PanelMatch" 
"lapply" "unlist" "FUN" "lapply" "PanelMatch" 
"lapply" "unlist" "FUN" "lapply" "PanelMatch" 
"lapply" "unlist" "FUN" "lapply" "PanelMatch" 
"as.vector" "as.data.frame.matrix" "FUN" "lapply" "data.table::rbindlist" "FUN" "lapply" "PanelMatch" 
"[.data.table" "[" "FUN" "lapply" "PanelMatch" 
"as.vector" "as.data.frame.matrix" "FUN" "lapply" "data.table::rbindlist" "FUN" "lapply" "PanelMatch" 
"paste0" "as.data.frame.matrix" "FUN" "lapply" "data.table::rbindlist" "FUN" "lapply" "PanelMatch" 
"as.vector" "as.data.frame.matrix" "FUN" "lapply" "data.table::rbindlist" "FUN" "lapply" "PanelMatch" 
"data.table::rbindlist" "FUN" "lapply" "PanelMatch" 
"as.vector" "as.data.frame.matrix" "FUN" "lapply" "data.table::rbindlist" "FUN" "lapply" "PanelMatch" 
"unique.default" "unique" "eval" "eval" "[.data.table" "[" "FUN" "lapply" "PanelMatch" 
"sys.call" "%in%" "[[.data.frame" "[[" "[.data.table" "[" "FUN" "lapply" "PanelMatch" 
"FUN" "vapply" "apply" "CBPS.fit" "eval" "eval" "CBPS::CBPS" "withCallingHandlers" "suppressMessages" "PanelMatch" 
"NextMethod" "[.factor" "[" "as.list.factor" "as.list" "lapply" "sapply" "CBPS.2Treat" "CBPS.fit" "eval" "eval" "CBPS::CBPS" "withCallingHandlers" "suppressMessages" "PanelMatch" 
"unique" "factor" "unique.default" "unique" "factor" "levels" "ifelse" "FUN" "lapply" "sapply" "CBPS.2Treat" "CBPS.fit" "eval" "eval" "CBPS::CBPS" "withCallingHandlers" "suppressMessages" "PanelMatch" 
"factor" "levels" "ifelse" "FUN" "lapply" "sapply" "CBPS.2Treat" "CBPS.fit" "eval" "eval" "CBPS::CBPS" "withCallingHandlers" "suppressMessages" "PanelMatch" 
"as.character.factor" "as.character" "as.character" "factor" "levels" "ifelse" "FUN" "lapply" "sapply" "CBPS.2Treat" "CBPS.fit" "eval" "eval" "CBPS::CBPS" "withCallingHandlers" "suppressMessages" "PanelMatch" 
"FUN" "vapply" "order" "do.call" "order" "factor" "levels" "ifelse" "FUN" "lapply" "sapply" "CBPS.2Treat" "CBPS.fit" "eval" "eval" "CBPS::CBPS" "withCallingHandlers" "suppressMessages" "PanelMatch" 
"unique.default" "unique" "factor" "levels" "ifelse" "FUN" "lapply" "sapply" "CBPS.2Treat" "CBPS.fit" "eval" "eval" "CBPS::CBPS" "withCallingHandlers" "suppressMessages" "PanelMatch" 
"factor" "levels" "ifelse" "FUN" "lapply" "sapply" "CBPS.2Treat" "CBPS.fit" "eval" "eval" "CBPS::CBPS" "withCallingHandlers" "suppressMessages" "PanelMatch" 
"factor" "levels" "ifelse" "FUN" "lapply" "sapply" "CBPS.2Treat" "CBPS.fit" "eval" "eval" "CBPS::CBPS" "withCallingHandlers" "suppressMessages" "PanelMatch" 
"factor" "levels" "ifelse" "FUN" "lapply" "sapply" "CBPS.2Treat" "CBPS.fit" "eval" "eval" "CBPS::CBPS" "withCallingHandlers" "suppressMessages" "PanelMatch" 
"as.character.factor" "as.character" "as.character" "factor" "levels" "ifelse" "FUN" "lapply" "sapply" "CBPS.2Treat" "CBPS.fit" "eval" "eval" "CBPS::CBPS" "withCallingHandlers" "suppressMessages" "PanelMatch" 
"factor" "levels" "ifelse" "FUN" "lapply" "sapply" "CBPS.2Treat" "CBPS.fit" "eval" "eval" "CBPS::CBPS" "withCallingHandlers" "suppressMessages" "PanelMatch" 
"unique.default" "unique" "factor" "levels" "ifelse" "FUN" "lapply" "sapply" "CBPS.2Treat" "CBPS.fit" "eval" "eval" "CBPS::CBPS" "withCallingHandlers" "suppressMessages" "PanelMatch" 
"factor" "levels" "ifelse" "FUN" "lapply" "sapply" "CBPS.2Treat" "CBPS.fit" "eval" "eval" "CBPS::CBPS" "withCallingHandlers" "suppressMessages" "PanelMatch" 
"sys.frame" "eval" "match.arg" "order" "factor" "levels" "ifelse" "FUN" "lapply" "sapply" "CBPS.2Treat" "CBPS.fit" "eval" "eval" "CBPS::CBPS" "withCallingHandlers" "suppressMessages" "PanelMatch" 
"factor" "levels" "ifelse" "FUN" "lapply" "sapply" "CBPS.2Treat" "CBPS.fit" "eval" "eval" "CBPS::CBPS" "withCallingHandlers" "suppressMessages" "PanelMatch" 
"unique.default" "unique" "factor" "levels" "ifelse" "FUN" "lapply" "sapply" "CBPS.2Treat" "CBPS.fit" "eval" "eval" "CBPS::CBPS" "withCallingHandlers" "suppressMessages" "PanelMatch" 
"as.character.factor" "as.character" "as.character" "factor" "levels" "ifelse" "FUN" "lapply" "sapply" "CBPS.2Treat" "CBPS.fit" "eval" "eval" "CBPS::CBPS" "withCallingHandlers" "suppressMessages" "PanelMatch" 
"as.character.factor" "as.character" "as.character" "factor" "levels" "ifelse" "FUN" "lapply" "sapply" "CBPS.2Treat" "CBPS.fit" "eval" "eval" "CBPS::CBPS" "withCallingHandlers" "suppressMessages" "PanelMatch" 
"match.fun" "vapply" "order" "factor" "levels" "ifelse" "FUN" "lapply" "sapply" "CBPS.2Treat" "CBPS.fit" "eval" "eval" "CBPS::CBPS" "withCallingHandlers" "suppressMessages" "PanelMatch" 
"is.numeric" "is.numeric" "order" "factor" "levels" "ifelse" "FUN" "lapply" "sapply" "CBPS.2Treat" "CBPS.fit" "eval" "eval" "CBPS::CBPS" "withCallingHandlers" "suppressMessages" "PanelMatch" 
"levels" "ifelse" "FUN" "lapply" "sapply" "CBPS.2Treat" "CBPS.fit" "eval" "eval" "CBPS::CBPS" "withCallingHandlers" "suppressMessages" "PanelMatch" 
"factor" "levels" "ifelse" "FUN" "lapply" "sapply" "CBPS.2Treat" "CBPS.fit" "eval" "eval" "CBPS::CBPS" "withCallingHandlers" "suppressMessages" "PanelMatch" 
"factor" "levels" "ifelse" "FUN" "lapply" "sapply" "CBPS.2Treat" "CBPS.fit" "eval" "eval" "CBPS::CBPS" "withCallingHandlers" "suppressMessages" "PanelMatch" 
"factor" "levels" "ifelse" "FUN" "lapply" "sapply" "CBPS.2Treat" "CBPS.fit" "eval" "eval" "CBPS::CBPS" "withCallingHandlers" "suppressMessages" "PanelMatch" 
"unique.default" "unique" "factor" "levels" "ifelse" "FUN" "lapply" "sapply" "CBPS.2Treat" "CBPS.fit" "eval" "eval" "CBPS::CBPS" "withCallingHandlers" "suppressMessages" "PanelMatch" 
"as.character.factor" "as.character" "as.character" "factor" "levels" "ifelse" "FUN" "lapply" "sapply" "CBPS.2Treat" "CBPS.fit" "eval" "eval" "CBPS::CBPS" "withCallingHandlers" "suppressMessages" "PanelMatch" 
"eval" "match.arg" "order" "do.call" "order" "factor" "levels" "ifelse" "FUN" "lapply" "sapply" "CBPS.2Treat" "CBPS.fit" "eval" "eval" "CBPS::CBPS" "withCallingHandlers" "suppressMessages" "PanelMatch" 
"factor" "levels" "ifelse" "FUN" "lapply" "sapply" "CBPS.2Treat" "CBPS.fit" "eval" "eval" "CBPS::CBPS" "withCallingHandlers" "suppressMessages" "PanelMatch" 
"is.numeric" "is.numeric" "order" "factor" "levels" "ifelse" "FUN" "lapply" "sapply" "CBPS.2Treat" "CBPS.fit" "eval" "eval" "CBPS::CBPS" "withCallingHandlers" "suppressMessages" "PanelMatch" 
"t.default" "t" "cbind" "rbind" "gmm.func" "gmm.loss" "f" "<Anonymous>" ".External2" "optimize" "CBPS.2Treat" "CBPS.fit" "eval" "eval" "CBPS::CBPS" "withCallingHandlers" "suppressMessages" "PanelMatch" 
"gmm.func" "gmm.loss" "f" "<Anonymous>" ".External2" "optimize" "CBPS.2Treat" "CBPS.fit" "eval" "eval" "CBPS::CBPS" "withCallingHandlers" "suppressMessages" "PanelMatch" 
"t.default" "t" "gr" "<Anonymous>" ".External2" "optim" "CBPS.2Treat" "CBPS.fit" "eval" "eval" "CBPS::CBPS" "withCallingHandlers" "suppressMessages" "PanelMatch" 
"t" "fn" "<Anonymous>" ".External2" "optim" "CBPS.2Treat" "CBPS.fit" "eval" "eval" "CBPS::CBPS" "withCallingHandlers" "suppressMessages" "PanelMatch" 
"%*%" "as.vector" "ATT.wt.func" "fn" "<Anonymous>" ".External2" "optim" "CBPS.2Treat" "CBPS.fit" "eval" "eval" "CBPS::CBPS" "withCallingHandlers" "suppressMessages" "PanelMatch" 
"t.default" "t" "gr" "<Anonymous>" ".External2" "optim" "CBPS.2Treat" "CBPS.fit" "eval" "eval" "CBPS::CBPS" "withCallingHandlers" "suppressMessages" "PanelMatch" 
"t.default" "t" "gr" "<Anonymous>" ".External2" "optim" "CBPS.2Treat" "CBPS.fit" "eval" "eval" "CBPS::CBPS" "withCallingHandlers" "suppressMessages" "PanelMatch" 
"t" "fn" "<Anonymous>" ".External2" "optim" "CBPS.2Treat" "CBPS.fit" "eval" "eval" "CBPS::CBPS" "withCallingHandlers" "suppressMessages" "PanelMatch" 
"t.default" "t" "gr" "<Anonymous>" ".External2" "optim" "CBPS.2Treat" "CBPS.fit" "eval" "eval" "CBPS::CBPS" "withCallingHandlers" "suppressMessages" "PanelMatch" 
"t" "fn" "<Anonymous>" ".External2" "optim" "CBPS.2Treat" "CBPS.fit" "eval" "eval" "CBPS::CBPS" "withCallingHandlers" "suppressMessages" "PanelMatch" 
"t" "gr" "<Anonymous>" ".External2" "optim" "CBPS.2Treat" "CBPS.fit" "eval" "eval" "CBPS::CBPS" "withCallingHandlers" "suppressMessages" "PanelMatch" 
"ATT.wt.func" "fn" "<Anonymous>" ".External2" "optim" "CBPS.2Treat" "CBPS.fit" "eval" "eval" "CBPS::CBPS" "withCallingHandlers" "suppressMessages" "PanelMatch" 
"t.default" "t" "fn" "<Anonymous>" ".External2" "optim" "CBPS.2Treat" "CBPS.fit" "eval" "eval" "CBPS::CBPS" "withCallingHandlers" "suppressMessages" "PanelMatch" 
"t" "fn" "<Anonymous>" ".External2" "optim" "CBPS.2Treat" "CBPS.fit" "eval" "eval" "CBPS::CBPS" "withCallingHandlers" "suppressMessages" "PanelMatch" 
"t" "gr" "<Anonymous>" ".External2" "optim" "CBPS.2Treat" "CBPS.fit" "eval" "eval" "CBPS::CBPS" "withCallingHandlers" "suppressMessages" "PanelMatch" 
"t" "fn" "<Anonymous>" ".External2" "optim" "CBPS.2Treat" "CBPS.fit" "eval" "eval" "CBPS::CBPS" "withCallingHandlers" "suppressMessages" "PanelMatch" 
"t.default" "t" "fn" "<Anonymous>" ".External2" "optim" "CBPS.2Treat" "CBPS.fit" "eval" "eval" "CBPS::CBPS" "withCallingHandlers" "suppressMessages" "PanelMatch" 
"t" "gr" "<Anonymous>" ".External2" "optim" "CBPS.2Treat" "CBPS.fit" "eval" "eval" "CBPS::CBPS" "withCallingHandlers" "suppressMessages" "PanelMatch" 
"%*%" "lapply" "sapply" "gr" "<Anonymous>" ".External2" "optim" "CBPS.2Treat" "CBPS.fit" "eval" "eval" "CBPS::CBPS" "withCallingHandlers" "suppressMessages" "PanelMatch" 
"t" "fn" "<Anonymous>" ".External2" "optim" "CBPS.2Treat" "CBPS.fit" "eval" "eval" "CBPS::CBPS" "withCallingHandlers" "suppressMessages" "PanelMatch" 
"t" "fn" "<Anonymous>" ".External2" "optim" "CBPS.2Treat" "CBPS.fit" "eval" "eval" "CBPS::CBPS" "withCallingHandlers" "suppressMessages" "PanelMatch" 
"t" "fn" "<Anonymous>" ".External2" "optim" "CBPS.2Treat" "CBPS.fit" "eval" "eval" "CBPS::CBPS" "withCallingHandlers" "suppressMessages" "PanelMatch" 
"t" "gr" "<Anonymous>" ".External2" "optim" "CBPS.2Treat" "CBPS.fit" "eval" "eval" "CBPS::CBPS" "withCallingHandlers" "suppressMessages" "PanelMatch" 
"t" "gmm.func" "fn" "<Anonymous>" ".External2" "optim" "CBPS.2Treat" "CBPS.fit" "eval" "eval" "CBPS::CBPS" "withCallingHandlers" "suppressMessages" "PanelMatch" 
"t.default" "t" "gmm.func" "fn" "<Anonymous>" ".External2" "optim" "CBPS.2Treat" "CBPS.fit" "eval" "eval" "CBPS::CBPS" "withCallingHandlers" "suppressMessages" "PanelMatch" 
"t" "gmm.func" "fn" "<Anonymous>" ".External2" "optim" "CBPS.2Treat" "CBPS.fit" "eval" "eval" "CBPS::CBPS" "withCallingHandlers" "suppressMessages" "PanelMatch" 
"t.default" "t" "cbind" "gr" "<Anonymous>" ".External2" "optim" "CBPS.2Treat" "CBPS.fit" "eval" "eval" "CBPS::CBPS" "withCallingHandlers" "suppressMessages" "PanelMatch" 
"ATT.wt.func" "gr" "<Anonymous>" ".External2" "optim" "CBPS.2Treat" "CBPS.fit" "eval" "eval" "CBPS::CBPS" "withCallingHandlers" "suppressMessages" "PanelMatch" 
"t" "gr" "<Anonymous>" ".External2" "optim" "CBPS.2Treat" "CBPS.fit" "eval" "eval" "CBPS::CBPS" "withCallingHandlers" "suppressMessages" "PanelMatch" 
"t" "gr" "<Anonymous>" ".External2" "optim" "CBPS.2Treat" "CBPS.fit" "eval" "eval" "CBPS::CBPS" "withCallingHandlers" "suppressMessages" "PanelMatch" 
"t" "gr" "<Anonymous>" ".External2" "optim" "CBPS.2Treat" "CBPS.fit" "eval" "eval" "CBPS::CBPS" "withCallingHandlers" "suppressMessages" "PanelMatch" 
"t.default" "t" "gmm.func" "fn" "<Anonymous>" ".External2" "optim" "CBPS.2Treat" "CBPS.fit" "eval" "eval" "CBPS::CBPS" "withCallingHandlers" "suppressMessages" "PanelMatch" 
"t" "gmm.func" "fn" "<Anonymous>" ".External2" "optim" "CBPS.2Treat" "CBPS.fit" "eval" "eval" "CBPS::CBPS" "withCallingHandlers" "suppressMessages" "PanelMatch" 
"t" "gmm.func" "fn" "<Anonymous>" ".External2" "optim" "CBPS.2Treat" "CBPS.fit" "eval" "eval" "CBPS::CBPS" "withCallingHandlers" "suppressMessages" "PanelMatch" 
"t" "gmm.func" "fn" "<Anonymous>" ".External2" "optim" "CBPS.2Treat" "CBPS.fit" "eval" "eval" "CBPS::CBPS" "withCallingHandlers" "suppressMessages" "PanelMatch" 
"t.default" "t" "gmm.func" "fn" "<Anonymous>" ".External2" "optim" "CBPS.2Treat" "CBPS.fit" "eval" "eval" "CBPS::CBPS" "withCallingHandlers" "suppressMessages" "PanelMatch" 
"gmm.func" "fn" "<Anonymous>" ".External2" "optim" "CBPS.2Treat" "CBPS.fit" "eval" "eval" "CBPS::CBPS" "withCallingHandlers" "suppressMessages" "PanelMatch" 
"t" "gmm.func" "fn" "<Anonymous>" ".External2" "optim" "CBPS.2Treat" "CBPS.fit" "eval" "eval" "CBPS::CBPS" "withCallingHandlers" "suppressMessages" "PanelMatch" 
"t.default" "t" "cbind" "gr" "<Anonymous>" ".External2" "optim" "CBPS.2Treat" "CBPS.fit" "eval" "eval" "CBPS::CBPS" "withCallingHandlers" "suppressMessages" "PanelMatch" 
"t.default" "t" "cbind" "gr" "<Anonymous>" ".External2" "optim" "CBPS.2Treat" "CBPS.fit" "eval" "eval" "CBPS::CBPS" "withCallingHandlers" "suppressMessages" "PanelMatch" 
"ATT.wt.func" "gmm.func" "fn" "<Anonymous>" ".External2" "optim" "CBPS.2Treat" "CBPS.fit" "eval" "eval" "CBPS::CBPS" "withCallingHandlers" "suppressMessages" "PanelMatch" 
"t" "gmm.func" "fn" "<Anonymous>" ".External2" "optim" "CBPS.2Treat" "CBPS.fit" "eval" "eval" "CBPS::CBPS" "withCallingHandlers" "suppressMessages" "PanelMatch" 
"t" "gmm.func" "fn" "<Anonymous>" ".External2" "optim" "CBPS.2Treat" "CBPS.fit" "eval" "eval" "CBPS::CBPS" "withCallingHandlers" "suppressMessages" "PanelMatch" 
"t.default" "t" "gr" "<Anonymous>" ".External2" "optim" "CBPS.2Treat" "CBPS.fit" "eval" "eval" "CBPS::CBPS" "withCallingHandlers" "suppressMessages" "PanelMatch" 
"t" "gmm.func" "fn" "<Anonymous>" ".External2" "optim" "CBPS.2Treat" "CBPS.fit" "eval" "eval" "CBPS::CBPS" "withCallingHandlers" "suppressMessages" "PanelMatch" 
"t.default" "t" "gmm.func" "fn" "<Anonymous>" ".External2" "optim" "CBPS.2Treat" "CBPS.fit" "eval" "eval" "CBPS::CBPS" "withCallingHandlers" "suppressMessages" "PanelMatch" 
"t" "cbind" "gr" "<Anonymous>" ".External2" "optim" "CBPS.2Treat" "CBPS.fit" "eval" "eval" "CBPS::CBPS" "withCallingHandlers" "suppressMessages" "PanelMatch" 
"t" "gmm.func" "fn" "<Anonymous>" ".External2" "optim" "CBPS.2Treat" "CBPS.fit" "eval" "eval" "CBPS::CBPS" "withCallingHandlers" "suppressMessages" "PanelMatch" 
"t.default" "t" "gmm.func" "fn" "<Anonymous>" ".External2" "optim" "CBPS.2Treat" "CBPS.fit" "eval" "eval" "CBPS::CBPS" "withCallingHandlers" "suppressMessages" "PanelMatch" 
"t" "gmm.func" "fn" "<Anonymous>" ".External2" "optim" "CBPS.2Treat" "CBPS.fit" "eval" "eval" "CBPS::CBPS" "withCallingHandlers" "suppressMessages" "PanelMatch" 
"t.default" "t" "cbind" "gr" "<Anonymous>" ".External2" "optim" "CBPS.2Treat" "CBPS.fit" "eval" "eval" "CBPS::CBPS" "withCallingHandlers" "suppressMessages" "PanelMatch" 
"t" "gmm.func" "fn" "<Anonymous>" ".External2" "optim" "CBPS.2Treat" "CBPS.fit" "eval" "eval" "CBPS::CBPS" "withCallingHandlers" "suppressMessages" "PanelMatch" 
"t" "gr" "<Anonymous>" ".External2" "optim" "CBPS.2Treat" "CBPS.fit" "eval" "eval" "CBPS::CBPS" "withCallingHandlers" "suppressMessages" "PanelMatch" 
"t" "gmm.func" "fn" "<Anonymous>" ".External2" "optim" "CBPS.2Treat" "CBPS.fit" "eval" "eval" "CBPS::CBPS" "withCallingHandlers" "suppressMessages" "PanelMatch" 
"t" "gmm.func" "fn" "<Anonymous>" ".External2" "optim" "CBPS.2Treat" "CBPS.fit" "eval" "eval" "CBPS::CBPS" "withCallingHandlers" "suppressMessages" "PanelMatch" 
"t" "gr" "<Anonymous>" ".External2" "optim" "CBPS.2Treat" "CBPS.fit" "eval" "eval" "CBPS::CBPS" "withCallingHandlers" "suppressMessages" "PanelMatch" 
"pmin" "gr" "<Anonymous>" ".External2" "optim" "CBPS.2Treat" "CBPS.fit" "eval" "eval" "CBPS::CBPS" "withCallingHandlers" "suppressMessages" "PanelMatch" 
"t" "gmm.func" "fn" "<Anonymous>" ".External2" "optim" "CBPS.2Treat" "CBPS.fit" "eval" "eval" "CBPS::CBPS" "withCallingHandlers" "suppressMessages" "PanelMatch" 
"t.default" "t" "gmm.func" "fn" "<Anonymous>" ".External2" "optim" "CBPS.2Treat" "CBPS.fit" "eval" "eval" "CBPS::CBPS" "withCallingHandlers" "suppressMessages" "PanelMatch" 
"t.default" "t" "cbind" "gr" "<Anonymous>" ".External2" "optim" "CBPS.2Treat" "CBPS.fit" "eval" "eval" "CBPS::CBPS" "withCallingHandlers" "suppressMessages" "PanelMatch" 
"t" "cbind" "gr" "<Anonymous>" ".External2" "optim" "CBPS.2Treat" "CBPS.fit" "eval" "eval" "CBPS::CBPS" "withCallingHandlers" "suppressMessages" "PanelMatch" 
"t.default" "t" "ginv" "CBPS.fit" "eval" "eval" "CBPS::CBPS" "withCallingHandlers" "suppressMessages" "PanelMatch" 
"unlist" "as.matrix.data.frame" "as.matrix" "FUN" "lapply" "PanelMatch" 
"unlist" "FUN" "lapply" "PanelMatch" 
"lapply" "unlist" "FUN" "lapply" "PanelMatch" 
"FUN" "lapply" "unlist" "Filter" "PanelMatch" 
"as.data.frame.matrix" "FUN" "lapply" "data.table::rbindlist" "FUN" "lapply" "PanelMatch" 
"forderv" "duplicated.data.table" "duplicated" "eval" "eval" "[.data.table" "[" "FUN" "lapply" "PanelMatch" 
"sys.call" "%in%" "[[.data.frame" "[[" "[.data.table" "[" "FUN" "lapply" "PanelMatch" 
"[[.data.frame" "[[" "[.data.table" "[" "FUN" "lapply" "PanelMatch" 
"as.character" "factor" "unique.default" "unique" "factor" "levels" "ifelse" "FUN" "lapply" "sapply" "CBPS.2Treat" "CBPS.fit" "eval" "eval" "CBPS::CBPS" "withCallingHandlers" "suppressMessages" "PanelMatch" 
"factor" "levels" "ifelse" "FUN" "lapply" "sapply" "CBPS.2Treat" "CBPS.fit" "eval" "eval" "CBPS::CBPS" "withCallingHandlers" "suppressMessages" "PanelMatch" 
"factor" "levels" "ifelse" "FUN" "lapply" "sapply" "CBPS.2Treat" "CBPS.fit" "eval" "eval" "CBPS::CBPS" "withCallingHandlers" "suppressMessages" "PanelMatch" 
"factor" "levels" "ifelse" "FUN" "lapply" "sapply" "CBPS.2Treat" "CBPS.fit" "eval" "eval" "CBPS::CBPS" "withCallingHandlers" "suppressMessages" "PanelMatch" 
"as.character.factor" "as.character" "as.character" "factor" "levels" "ifelse" "FUN" "lapply" "sapply" "CBPS.2Treat" "CBPS.fit" "eval" "eval" "CBPS::CBPS" "withCallingHandlers" "suppressMessages" "PanelMatch" 
"as.character.factor" "as.character" "as.character" "factor" "levels" "ifelse" "FUN" "lapply" "sapply" "CBPS.2Treat" "CBPS.fit" "eval" "eval" "CBPS::CBPS" "withCallingHandlers" "suppressMessages" "PanelMatch" 
"as.character.factor" "as.character" "as.character" "factor" "levels" "ifelse" "FUN" "lapply" "sapply" "CBPS.2Treat" "CBPS.fit" "eval" "eval" "CBPS::CBPS" "withCallingHandlers" "suppressMessages" "PanelMatch" 
"as.character.factor" "as.character" "as.character" "factor" "levels" "ifelse" "FUN" "lapply" "sapply" "CBPS.2Treat" "CBPS.fit" "eval" "eval" "CBPS::CBPS" "withCallingHandlers" "suppressMessages" "PanelMatch" 
"as.character.factor" "as.character" "as.character" "factor" "levels" "ifelse" "FUN" "lapply" "sapply" "CBPS.2Treat" "CBPS.fit" "eval" "eval" "CBPS::CBPS" "withCallingHandlers" "suppressMessages" "PanelMatch" 
"as.character.factor" "as.character" "as.character" "factor" "levels" "ifelse" "FUN" "lapply" "sapply" "CBPS.2Treat" "CBPS.fit" "eval" "eval" "CBPS::CBPS" "withCallingHandlers" "suppressMessages" "PanelMatch" 
"as.character.factor" "as.character" "as.character" "factor" "levels" "ifelse" "FUN" "lapply" "sapply" "CBPS.2Treat" "CBPS.fit" "eval" "eval" "CBPS::CBPS" "withCallingHandlers" "suppressMessages" "PanelMatch" 
"as.character.factor" "as.character" "as.character" "factor" "levels" "ifelse" "FUN" "lapply" "sapply" "CBPS.2Treat" "CBPS.fit" "eval" "eval" "CBPS::CBPS" "withCallingHandlers" "suppressMessages" "PanelMatch" 
"as.character.factor" "as.character" "as.character" "factor" "levels" "ifelse" "FUN" "lapply" "sapply" "CBPS.2Treat" "CBPS.fit" "eval" "eval" "CBPS::CBPS" "withCallingHandlers" "suppressMessages" "PanelMatch" 
"factor" "levels" "ifelse" "FUN" "lapply" "sapply" "CBPS.2Treat" "CBPS.fit" "eval" "eval" "CBPS::CBPS" "withCallingHandlers" "suppressMessages" "PanelMatch" 
"as.character.factor" "as.character" "as.character" "factor" "levels" "ifelse" "FUN" "lapply" "sapply" "CBPS.2Treat" "CBPS.fit" "eval" "eval" "CBPS::CBPS" "withCallingHandlers" "suppressMessages" "PanelMatch" 
"factor" "levels" "ifelse" "FUN" "lapply" "sapply" "CBPS.2Treat" "CBPS.fit" "eval" "eval" "CBPS::CBPS" "withCallingHandlers" "suppressMessages" "PanelMatch" 
"factor" "levels" "ifelse" "FUN" "lapply" "sapply" "CBPS.2Treat" "CBPS.fit" "eval" "eval" "CBPS::CBPS" "withCallingHandlers" "suppressMessages" "PanelMatch" 
"factor" "levels" "ifelse" "FUN" "lapply" "sapply" "CBPS.2Treat" "CBPS.fit" "eval" "eval" "CBPS::CBPS" "withCallingHandlers" "suppressMessages" "PanelMatch" 
"factor" "levels" "ifelse" "FUN" "lapply" "sapply" "CBPS.2Treat" "CBPS.fit" "eval" "eval" "CBPS::CBPS" "withCallingHandlers" "suppressMessages" "PanelMatch" 
"as.character.factor" "as.character" "as.character" "factor" "levels" "ifelse" "FUN" "lapply" "sapply" "CBPS.2Treat" "CBPS.fit" "eval" "eval" "CBPS::CBPS" "withCallingHandlers" "suppressMessages" "PanelMatch" 
"unique.default" "unique" "factor" "levels" "ifelse" "FUN" "lapply" "sapply" "CBPS.2Treat" "CBPS.fit" "eval" "eval" "CBPS::CBPS" "withCallingHandlers" "suppressMessages" "PanelMatch" 
"factor" "levels" "ifelse" "FUN" "lapply" "sapply" "CBPS.2Treat" "CBPS.fit" "eval" "eval" "CBPS::CBPS" "withCallingHandlers" "suppressMessages" "PanelMatch" 
"as.matrix" "gmm.func" "gmm.loss" "f" "<Anonymous>" ".External2" "optimize" "CBPS.2Treat" "CBPS.fit" "eval" "eval" "CBPS::CBPS" "withCallingHandlers" "suppressMessages" "PanelMatch" 
"t" "fn" "<Anonymous>" ".External2" "optim" "CBPS.2Treat" "CBPS.fit" "eval" "eval" "CBPS::CBPS" "withCallingHandlers" "suppressMessages" "PanelMatch" 
"ATT.wt.func" "fn" "<Anonymous>" ".External2" "optim" "CBPS.2Treat" "CBPS.fit" "eval" "eval" "CBPS::CBPS" "withCallingHandlers" "suppressMessages" "PanelMatch" 
"t" "gr" "<Anonymous>" ".External2" "optim" "CBPS.2Treat" "CBPS.fit" "eval" "eval" "CBPS::CBPS" "withCallingHandlers" "suppressMessages" "PanelMatch" 
"t.default" "t" "gr" "<Anonymous>" ".External2" "optim" "CBPS.2Treat" "CBPS.fit" "eval" "eval" "CBPS::CBPS" "withCallingHandlers" "suppressMessages" "PanelMatch" 
"t" "fn" "<Anonymous>" ".External2" "optim" "CBPS.2Treat" "CBPS.fit" "eval" "eval" "CBPS::CBPS" "withCallingHandlers" "suppressMessages" "PanelMatch" 
"ATT.wt.func" "fn" "<Anonymous>" ".External2" "optim" "CBPS.2Treat" "CBPS.fit" "eval" "eval" "CBPS::CBPS" "withCallingHandlers" "suppressMessages" "PanelMatch" 
"t" "fn" "<Anonymous>" ".External2" "optim" "CBPS.2Treat" "CBPS.fit" "eval" "eval" "CBPS::CBPS" "withCallingHandlers" "suppressMessages" "PanelMatch" 
"t" "fn" "<Anonymous>" ".External2" "optim" "CBPS.2Treat" "CBPS.fit" "eval" "eval" "CBPS::CBPS" "withCallingHandlers" "suppressMessages" "PanelMatch" 
"t.default" "t" "fn" "<Anonymous>" ".External2" "optim" "CBPS.2Treat" "CBPS.fit" "eval" "eval" "CBPS::CBPS" "withCallingHandlers" "suppressMessages" "PanelMatch" 
"t" "fn" "<Anonymous>" ".External2" "optim" "CBPS.2Treat" "CBPS.fit" "eval" "eval" "CBPS::CBPS" "withCallingHandlers" "suppressMessages" "PanelMatch" 
"ATT.wt.func" "fn" "<Anonymous>" ".External2" "optim" "CBPS.2Treat" "CBPS.fit" "eval" "eval" "CBPS::CBPS" "withCallingHandlers" "suppressMessages" "PanelMatch" 
"t" "gr" "<Anonymous>" ".External2" "optim" "CBPS.2Treat" "CBPS.fit" "eval" "eval" "CBPS::CBPS" "withCallingHandlers" "suppressMessages" "PanelMatch" 
"ATT.wt.func" "fn" "<Anonymous>" ".External2" "optim" "CBPS.2Treat" "CBPS.fit" "eval" "eval" "CBPS::CBPS" "withCallingHandlers" "suppressMessages" "PanelMatch" 
"t.default" "t" "gr" "<Anonymous>" ".External2" "optim" "CBPS.2Treat" "CBPS.fit" "eval" "eval" "CBPS::CBPS" "withCallingHandlers" "suppressMessages" "PanelMatch" 
"t" "gr" "<Anonymous>" ".External2" "optim" "CBPS.2Treat" "CBPS.fit" "eval" "eval" "CBPS::CBPS" "withCallingHandlers" "suppressMessages" "PanelMatch" 
"t" "gr" "<Anonymous>" ".External2" "optim" "CBPS.2Treat" "CBPS.fit" "eval" "eval" "CBPS::CBPS" "withCallingHandlers" "suppressMessages" "PanelMatch" 
"t" "gr" "<Anonymous>" ".External2" "optim" "CBPS.2Treat" "CBPS.fit" "eval" "eval" "CBPS::CBPS" "withCallingHandlers" "suppressMessages" "PanelMatch" 
"t" "gr" "<Anonymous>" ".External2" "optim" "CBPS.2Treat" "CBPS.fit" "eval" "eval" "CBPS::CBPS" "withCallingHandlers" "suppressMessages" "PanelMatch" 
"t.default" "t" "gr" "<Anonymous>" ".External2" "optim" "CBPS.2Treat" "CBPS.fit" "eval" "eval" "CBPS::CBPS" "withCallingHandlers" "suppressMessages" "PanelMatch" 
"ATT.wt.func" "gr" "<Anonymous>" ".External2" "optim" "CBPS.2Treat" "CBPS.fit" "eval" "eval" "CBPS::CBPS" "withCallingHandlers" "suppressMessages" "PanelMatch" 
"t" "fn" "<Anonymous>" ".External2" "optim" "CBPS.2Treat" "CBPS.fit" "eval" "eval" "CBPS::CBPS" "withCallingHandlers" "suppressMessages" "PanelMatch" 
"t" "gr" "<Anonymous>" ".External2" "optim" "CBPS.2Treat" "CBPS.fit" "eval" "eval" "CBPS::CBPS" "withCallingHandlers" "suppressMessages" "PanelMatch" 
"ATT.wt.func" "fn" "<Anonymous>" ".External2" "optim" "CBPS.2Treat" "CBPS.fit" "eval" "eval" "CBPS::CBPS" "withCallingHandlers" "suppressMessages" "PanelMatch" 
"t" "gr" "<Anonymous>" ".External2" "optim" "CBPS.2Treat" "CBPS.fit" "eval" "eval" "CBPS::CBPS" "withCallingHandlers" "suppressMessages" "PanelMatch" 
"t" "fn" "<Anonymous>" ".External2" "optim" "CBPS.2Treat" "CBPS.fit" "eval" "eval" "CBPS::CBPS" "withCallingHandlers" "suppressMessages" "PanelMatch" 
"gr" "<Anonymous>" ".External2" "optim" "CBPS.2Treat" "CBPS.fit" "eval" "eval" "CBPS::CBPS" "withCallingHandlers" "suppressMessages" "PanelMatch" 
"t.default" "t" "fn" "<Anonymous>" ".External2" "optim" "CBPS.2Treat" "CBPS.fit" "eval" "eval" "CBPS::CBPS" "withCallingHandlers" "suppressMessages" "PanelMatch" 
"t" "gr" "<Anonymous>" ".External2" "optim" "CBPS.2Treat" "CBPS.fit" "eval" "eval" "CBPS::CBPS" "withCallingHandlers" "suppressMessages" "PanelMatch" 
"t" "gr" "<Anonymous>" ".External2" "optim" "CBPS.2Treat" "CBPS.fit" "eval" "eval" "CBPS::CBPS" "withCallingHandlers" "suppressMessages" "PanelMatch" 
"t" "gr" "<Anonymous>" ".External2" "optim" "CBPS.2Treat" "CBPS.fit" "eval" "eval" "CBPS::CBPS" "withCallingHandlers" "suppressMessages" "PanelMatch" 
"t" "gr" "<Anonymous>" ".External2" "optim" "CBPS.2Treat" "CBPS.fit" "eval" "eval" "CBPS::CBPS" "withCallingHandlers" "suppressMessages" "PanelMatch" 
"t.default" "t" "gr" "<Anonymous>" ".External2" "optim" "CBPS.2Treat" "CBPS.fit" "eval" "eval" "CBPS::CBPS" "withCallingHandlers" "suppressMessages" "PanelMatch" 
"t" "gr" "<Anonymous>" ".External2" "optim" "CBPS.2Treat" "CBPS.fit" "eval" "eval" "CBPS::CBPS" "withCallingHandlers" "suppressMessages" "PanelMatch" 
"t" "fn" "<Anonymous>" ".External2" "optim" "CBPS.2Treat" "CBPS.fit" "eval" "eval" "CBPS::CBPS" "withCallingHandlers" "suppressMessages" "PanelMatch" 
"t" "fn" "<Anonymous>" ".External2" "optim" "CBPS.2Treat" "CBPS.fit" "eval" "eval" "CBPS::CBPS" "withCallingHandlers" "suppressMessages" "PanelMatch" 
"t" "gr" "<Anonymous>" ".External2" "optim" "CBPS.2Treat" "CBPS.fit" "eval" "eval" "CBPS::CBPS" "withCallingHandlers" "suppressMessages" "PanelMatch" 
"t.default" "t" "gr" "<Anonymous>" ".External2" "optim" "CBPS.2Treat" "CBPS.fit" "eval" "eval" "CBPS::CBPS" "withCallingHandlers" "suppressMessages" "PanelMatch" 
"t" "fn" "<Anonymous>" ".External2" "optim" "CBPS.2Treat" "CBPS.fit" "eval" "eval" "CBPS::CBPS" "withCallingHandlers" "suppressMessages" "PanelMatch" 
"t" "fn" "<Anonymous>" ".External2" "optim" "CBPS.2Treat" "CBPS.fit" "eval" "eval" "CBPS::CBPS" "withCallingHandlers" "suppressMessages" "PanelMatch" 
"t.default" "t" "fn" "<Anonymous>" ".External2" "optim" "CBPS.2Treat" "CBPS.fit" "eval" "eval" "CBPS::CBPS" "withCallingHandlers" "suppressMessages" "PanelMatch" 
"t" "fn" "<Anonymous>" ".External2" "optim" "CBPS.2Treat" "CBPS.fit" "eval" "eval" "CBPS::CBPS" "withCallingHandlers" "suppressMessages" "PanelMatch" 
"t" "gr" "<Anonymous>" ".External2" "optim" "CBPS.2Treat" "CBPS.fit" "eval" "eval" "CBPS::CBPS" "withCallingHandlers" "suppressMessages" "PanelMatch" 
"t.default" "t" "gr" "<Anonymous>" ".External2" "optim" "CBPS.2Treat" "CBPS.fit" "eval" "eval" "CBPS::CBPS" "withCallingHandlers" "suppressMessages" "PanelMatch" 
"ATT.wt.func" "fn" "<Anonymous>" ".External2" "optim" "CBPS.2Treat" "CBPS.fit" "eval" "eval" "CBPS::CBPS" "withCallingHandlers" "suppressMessages" "PanelMatch" 
"fn" "<Anonymous>" ".External2" "optim" "CBPS.2Treat" "CBPS.fit" "eval" "eval" "CBPS::CBPS" "withCallingHandlers" "suppressMessages" "PanelMatch" 
"t" "gr" "<Anonymous>" ".External2" "optim" "CBPS.2Treat" "CBPS.fit" "eval" "eval" "CBPS::CBPS" "withCallingHandlers" "suppressMessages" "PanelMatch" 
"t" "gr" "<Anonymous>" ".External2" "optim" "CBPS.2Treat" "CBPS.fit" "eval" "eval" "CBPS::CBPS" "withCallingHandlers" "suppressMessages" "PanelMatch" 
"t" "fn" "<Anonymous>" ".External2" "optim" "CBPS.2Treat" "CBPS.fit" "eval" "eval" "CBPS::CBPS" "withCallingHandlers" "suppressMessages" "PanelMatch" 
"ATT.wt.func" "gr" "<Anonymous>" ".External2" "optim" "CBPS.2Treat" "CBPS.fit" "eval" "eval" "CBPS::CBPS" "withCallingHandlers" "suppressMessages" "PanelMatch" 
"t.default" "t" "gr" "<Anonymous>" ".External2" "optim" "CBPS.2Treat" "CBPS.fit" "eval" "eval" "CBPS::CBPS" "withCallingHandlers" "suppressMessages" "PanelMatch" 
"t.default" "t" "gr" "<Anonymous>" ".External2" "optim" "CBPS.2Treat" "CBPS.fit" "eval" "eval" "CBPS::CBPS" "withCallingHandlers" "suppressMessages" "PanelMatch" 
"t" "gmm.func" "fn" "<Anonymous>" ".External2" "optim" "CBPS.2Treat" "CBPS.fit" "eval" "eval" "CBPS::CBPS" "withCallingHandlers" "suppressMessages" "PanelMatch" 
"t.default" "t" "gmm.func" "fn" "<Anonymous>" ".External2" "optim" "CBPS.2Treat" "CBPS.fit" "eval" "eval" "CBPS::CBPS" "withCallingHandlers" "suppressMessages" "PanelMatch" 
"pmax" "gr" "<Anonymous>" ".External2" "optim" "CBPS.2Treat" "CBPS.fit" "eval" "eval" "CBPS::CBPS" "withCallingHandlers" "suppressMessages" "PanelMatch" 
"t.default" "t" "cbind" "gr" "<Anonymous>" ".External2" "optim" "CBPS.2Treat" "CBPS.fit" "eval" "eval" "CBPS::CBPS" "withCallingHandlers" "suppressMessages" "PanelMatch" 
"pmin" "ATT.wt.func" "gr" "<Anonymous>" ".External2" "optim" "CBPS.2Treat" "CBPS.fit" "eval" "eval" "CBPS::CBPS" "withCallingHandlers" "suppressMessages" "PanelMatch" 
"t" "gr" "<Anonymous>" ".External2" "optim" "CBPS.2Treat" "CBPS.fit" "eval" "eval" "CBPS::CBPS" "withCallingHandlers" "suppressMessages" "PanelMatch" 
"t" "gmm.func" "fn" "<Anonymous>" ".External2" "optim" "CBPS.2Treat" "CBPS.fit" "eval" "eval" "CBPS::CBPS" "withCallingHandlers" "suppressMessages" "PanelMatch" 
"ATT.wt.func" "gmm.func" "fn" "<Anonymous>" ".External2" "optim" "CBPS.2Treat" "CBPS.fit" "eval" "eval" "CBPS::CBPS" "withCallingHandlers" "suppressMessages" "PanelMatch" 
"t" "gmm.func" "fn" "<Anonymous>" ".External2" "optim" "CBPS.2Treat" "CBPS.fit" "eval" "eval" "CBPS::CBPS" "withCallingHandlers" "suppressMessages" "PanelMatch" 
"t" "gmm.func" "fn" "<Anonymous>" ".External2" "optim" "CBPS.2Treat" "CBPS.fit" "eval" "eval" "CBPS::CBPS" "withCallingHandlers" "suppressMessages" "PanelMatch" 
"t.default" "t" "gmm.func" "fn" "<Anonymous>" ".External2" "optim" "CBPS.2Treat" "CBPS.fit" "eval" "eval" "CBPS::CBPS" "withCallingHandlers" "suppressMessages" "PanelMatch" 
"t.default" "t" "cbind" "gr" "<Anonymous>" ".External2" "optim" "CBPS.2Treat" "CBPS.fit" "eval" "eval" "CBPS::CBPS" "withCallingHandlers" "suppressMessages" "PanelMatch" 
"%*%" "as.vector" "gmm.func" "fn" "<Anonymous>" ".External2" "optim" "CBPS.2Treat" "CBPS.fit" "eval" "eval" "CBPS::CBPS" "withCallingHandlers" "suppressMessages" "PanelMatch" 
"t.default" "t" "cbind" "gr" "<Anonymous>" ".External2" "optim" "CBPS.2Treat" "CBPS.fit" "eval" "eval" "CBPS::CBPS" "withCallingHandlers" "suppressMessages" "PanelMatch" 
"t" "gmm.func" "fn" "<Anonymous>" ".External2" "optim" "CBPS.2Treat" "CBPS.fit" "eval" "eval" "CBPS::CBPS" "withCallingHandlers" "suppressMessages" "PanelMatch" 
"t" "gmm.func" "fn" "<Anonymous>" ".External2" "optim" "CBPS.2Treat" "CBPS.fit" "eval" "eval" "CBPS::CBPS" "withCallingHandlers" "suppressMessages" "PanelMatch" 
"t" "gmm.func" "fn" "<Anonymous>" ".External2" "optim" "CBPS.2Treat" "CBPS.fit" "eval" "eval" "CBPS::CBPS" "withCallingHandlers" "suppressMessages" "PanelMatch" 
"t" "gmm.func" "fn" "<Anonymous>" ".External2" "optim" "CBPS.2Treat" "CBPS.fit" "eval" "eval" "CBPS::CBPS" "withCallingHandlers" "suppressMessages" "PanelMatch" 
"t" "gmm.func" "fn" "<Anonymous>" ".External2" "optim" "CBPS.2Treat" "CBPS.fit" "eval" "eval" "CBPS::CBPS" "withCallingHandlers" "suppressMessages" "PanelMatch" 
"ATT.wt.func" "gmm.func" "fn" "<Anonymous>" ".External2" "optim" "CBPS.2Treat" "CBPS.fit" "eval" "eval" "CBPS::CBPS" "withCallingHandlers" "suppressMessages" "PanelMatch" 
"ATT.wt.func" "gmm.func" "fn" "<Anonymous>" ".External2" "optim" "CBPS.2Treat" "CBPS.fit" "eval" "eval" "CBPS::CBPS" "withCallingHandlers" "suppressMessages" "PanelMatch" 
"ATT.wt.func" "gmm.func" "fn" "<Anonymous>" ".External2" "optim" "CBPS.2Treat" "CBPS.fit" "eval" "eval" "CBPS::CBPS" "withCallingHandlers" "suppressMessages" "PanelMatch" 
"ATT.wt.func" "gmm.func" "fn" "<Anonymous>" ".External2" "optim" "CBPS.2Treat" "CBPS.fit" "eval" "eval" "CBPS::CBPS" "withCallingHandlers" "suppressMessages" "PanelMatch" 
"ATT.wt.func" "gmm.func" "fn" "<Anonymous>" ".External2" "optim" "CBPS.2Treat" "CBPS.fit" "eval" "eval" "CBPS::CBPS" "withCallingHandlers" "suppressMessages" "PanelMatch" 
"ATT.wt.func" "gmm.func" "fn" "<Anonymous>" ".External2" "optim" "CBPS.2Treat" "CBPS.fit" "eval" "eval" "CBPS::CBPS" "withCallingHandlers" "suppressMessages" "PanelMatch" 
"ATT.wt.func" "gmm.func" "fn" "<Anonymous>" ".External2" "optim" "CBPS.2Treat" "CBPS.fit" "eval" "eval" "CBPS::CBPS" "withCallingHandlers" "suppressMessages" "PanelMatch" 
"t" "gr" "<Anonymous>" ".External2" "optim" "CBPS.2Treat" "CBPS.fit" "eval" "eval" "CBPS::CBPS" "withCallingHandlers" "suppressMessages" "PanelMatch" 
"[.data.frame" "[" "merge.data.frame" "merge" "PS_vit" "FUN" "lapply" "PanelMatch" 
"<Anonymous>" "[[.data.frame" "[[" "[.data.frame" "[" "PS_vit" "FUN" "lapply" "PanelMatch" 
"sys.call" "%in%" "[[.data.frame" "[[" "[.data.frame" "[" "PS_vit" "FUN" "lapply" "PanelMatch" 
"sys.call" "%in%" "[[.data.frame" "[[" "[.data.frame" "[" "PS_vit" "FUN" "lapply" "PanelMatch" 
"unique" "[.data.frame" "[" "PS_vit" "FUN" "lapply" "PanelMatch" 
"[.data.frame" "[" "PS_vit" "FUN" "lapply" "PanelMatch" 
"[.data.frame" "[" "PS_vit" "FUN" "lapply" "PanelMatch" 
"gsub" ".rs.fuzzyMatches" ".rs.getCompletionsNAMESPACE" "Reduce" "<Anonymous>" 
"lazyLoadDBfetch" "mget" "doTryCatch" "tryCatchOne" "tryCatchList" "tryCatch" ".rs.getHelpFromObject" ".rs.getHelpFunction" "<Anonymous>" 
"::" "do.call" "doTryCatch" "tryCatchOne" "tryCatchList" "tryCatch" ".rs.getHelpFromObject" ".rs.getHelpFunction" "<Anonymous>" 
"%notin%" "writeBlock" "writeContent" "writeSection" "Rd2HTML" "tools:::httpd" "withCallingHandlers" "suppressWarnings" ".rs.getHelp" ".rs.getHelpFromObject" ".rs.getHelpFunction" "<Anonymous>" 
"grepl" "ifelse" "urlify" "paste0" "writeLink" "writeBlock" "writeContent" "writeWrapped" "writeBlock" "writeContent" "writeSection" "Rd2HTML" "tools:::httpd" "withCallingHandlers" "suppressWarnings" ".rs.getHelp" ".rs.getHelpFunction" "<Anonymous>" 
"length" "h" "tryInline" "cmpCall" "cmp" "genCode" "cmpfun" "doTryCatch" "tryCatchOne" "tryCatchList" "tryCatch" "compiler:::tryCmpfun" ".rs.findCustomHelpContext" "<Anonymous>" 
".rs.doStripSurrounding" ".rs.stripSurrounding" ".rs.getAnywhere" ".rs.resolveObjectFromFunctionCall" ".rs.getCompletionsFunction" ".rs.appendCompletions" ".rs.getRCompletions" ".rs.appendCompletions" "<Anonymous>" 
"getInlineInfo" "tryInline" "cmpCall" "cmp" "h" "tryInline" "cmpCall" "cmp" "h" "tryInline" "cmpCall" "cmp" "h" "tryInline" "cmpCall" "cmp" "h" "tryInline" "cmpCall" "cmp" "genCode" "cmpfun" "doTryCatch" "tryCatchOne" "tryCatchList" "tryCatch" "compiler:::tryCmpfun" ".rs.resolveObjectFromFunctionCall" ".rs.getCompletionsArgument" ".rs.getCompletionsFunction" ".rs.appendCompletions" ".rs.getRCompletions" ".rs.appendCompletions" "<Anonymous>" 
"ls" "FUN" "lapply" ".rs.objectsOnSearchPath" ".rs.getCompletionsSearchPath" "Reduce" "<Anonymous>" 
