line profiling: sample.interval=20000
#File 1: /Users/adamrauh/Documents/code/dev/PanelMatch/R/cleanFunctions.R
#File 2: /Users/adamrauh/Documents/code/dev/PanelMatch/R/PanelMatch.R
"[[.data.frame" "[[" "[.data.frame" "[" "FUN" "lapply" "split.data.frame" "split" 1#786 "make_lags" 2#141 "PanelMatch" 
1#768 "FUN" "apply" 1#774 "as.data.frame" 1#774 "FUN" "lapply" 1#787 "make_lags" 2#141 "PanelMatch" 
1#768 "FUN" "apply" 1#774 "as.data.frame" 1#774 "FUN" "lapply" 1#787 "make_lags" 2#141 "PanelMatch" 
"vapply" "as.matrix.data.frame" "as.matrix" "apply" 1#774 "as.data.frame" 1#774 "FUN" "lapply" 1#787 "make_lags" 2#141 "PanelMatch" 
"dim" "apply" 1#774 "as.data.frame" 1#774 "FUN" "lapply" 1#787 "make_lags" 2#141 "PanelMatch" 
"[.data.frame" 1#768 "[" 1#768 "dplyr::lag" 1#768 "FUN" "apply" 1#774 "as.data.frame" 1#774 "FUN" "lapply" 1#787 "make_lags" 2#141 "PanelMatch" 
"grouped_df_impl" "grouped_df" "group_by.data.frame" "group_by" "group_by_.data.frame" "group_by_" "DataCombine::slide" 2#163 "FUN" "lapply" 2#163 "PanelMatch" 
".Call" "<Anonymous>" "signalCondition" "doWithOneRestart" "withOneRestart" "withRestarts" "message" "DataCombine::slide" 2#163 "FUN" "lapply" 2#163 "PanelMatch" 
#File 3: <text>
"head.default" "head" "shift" "evalq" "evalq" "doTryCatch" "tryCatchOne" "tryCatchList" "doTryCatch" "tryCatchOne" "tryCatchList" "tryCatch" "mutate_impl" "mutate.tbl_df" "dplyr::mutate" 3#1 "eval" "eval" "DataCombine::slide" 2#163 "FUN" "lapply" 2#163 "PanelMatch" 
"shift" "evalq" "evalq" "doTryCatch" "tryCatchOne" "tryCatchList" "doTryCatch" "tryCatchOne" "tryCatchList" "tryCatch" "mutate_impl" "mutate.tbl_df" "dplyr::mutate" 3#1 "eval" "eval" "DataCombine::slide" 2#163 "FUN" "lapply" 2#163 "PanelMatch" 
"structure" "[.quosures" "[" "add_computed_columns" "group_by_prepare" "group_by.data.frame" "group_by" 3#1 "eval" "eval" "DataCombine::slide" 2#163 "FUN" "lapply" 2#163 "PanelMatch" 
"paste" "do.call" "merge.data.frame" "merge" 2#167 "f" "Reduce" 2#167 "PanelMatch" 
"paste" "do.call" "merge.data.frame" "merge" 2#167 "f" "Reduce" 2#167 "PanelMatch" 
"paste" "do.call" "merge.data.frame" "merge" 2#167 "f" "Reduce" 2#167 "PanelMatch" 
"paste" "do.call" "merge.data.frame" "merge" 2#167 "f" "Reduce" 2#167 "PanelMatch" 
"sort.list" "[.data.frame" "[" "merge.data.frame" "merge" 2#167 "f" "Reduce" 2#167 "PanelMatch" 
"paste" "do.call" "merge.data.frame" "merge" 2#167 "f" "Reduce" 2#167 "PanelMatch" 
"paste" "do.call" "merge.data.frame" "merge" 2#167 "f" "Reduce" 2#167 "PanelMatch" 
"paste" "do.call" "merge.data.frame" "merge" 2#167 "f" "Reduce" 2#167 "PanelMatch" 
"paste" "do.call" "merge.data.frame" "merge" 2#167 "f" "Reduce" 2#167 "PanelMatch" 
"[[.data.frame" "[[" "rbind" "rbind" "do.call" "merge.data.frame" "merge" 2#167 "f" "Reduce" 2#167 "PanelMatch" 
"paste" "do.call" "merge.data.frame" "merge" 2#167 "f" "Reduce" 2#167 "PanelMatch" 
"paste" "do.call" "merge.data.frame" "merge" 2#167 "f" "Reduce" 2#167 "PanelMatch" 
"paste" "do.call" "merge.data.frame" "merge" 2#167 "f" "Reduce" 2#167 "PanelMatch" 
"[[.data.frame" "[[" "[.data.frame" "[" "merge.data.frame" "merge" 2#167 "f" "Reduce" 2#167 "PanelMatch" 
"as.numeric" 2#174 "FUN" "lapply" 2#174 "PanelMatch" 
"as.numeric" 2#174 "FUN" "lapply" 2#174 "PanelMatch" 
"as.numeric" 2#174 "FUN" "lapply" 2#174 "PanelMatch" 
#File 4: /Users/adamrauh/Documents/code/dev/PanelMatch/R/RcppExports.R
".Call" 4#21 "findDDmatched2" 2#493 "lapply" "unlist" "Filter" 2#493 "lapply" 2#493 "PanelMatch" 
"lapply" 1#626 "unlist" 1#626 "FUN" "lapply" 2#493 "PanelMatch" 
"lapply" 1#626 "unlist" 1#626 "FUN" "lapply" 2#493 "PanelMatch" 
"lapply" 1#626 "unlist" 1#626 "FUN" "lapply" 2#493 "PanelMatch" 
"FUN" "lapply" 1#626 "unlist" 1#626 "FUN" "lapply" 2#493 "PanelMatch" 
1#626 "unlist" 1#626 "FUN" "lapply" 2#493 "PanelMatch" 
"lapply" 1#626 "unlist" 1#626 "FUN" "lapply" 2#493 "PanelMatch" 
"lapply" 1#626 "unlist" 1#626 "FUN" "lapply" 2#493 "PanelMatch" 
"as.vector" "as.data.frame.matrix" "FUN" "lapply" 1#629 "data.table::rbindlist" 1#629 "FUN" "lapply" 2#502 "PanelMatch" 
"paste0" "as.data.frame.matrix" "FUN" "lapply" 1#629 "data.table::rbindlist" 1#629 "FUN" "lapply" 2#502 "PanelMatch" 
"data.table::rbindlist" 1#629 "FUN" "lapply" 2#502 "PanelMatch" 
"as.vector" "as.data.frame.matrix" "FUN" "lapply" 1#629 "data.table::rbindlist" 1#629 "FUN" "lapply" 2#502 "PanelMatch" 
"length" "[.data.table" 1#630 "[" 1#630 "FUN" "lapply" 2#502 "PanelMatch" 
"forderv" "duplicated.data.table" "duplicated" "eval" "eval" "[.data.table" 1#630 "[" 1#630 "FUN" "lapply" 2#502 "PanelMatch" 
"as.vector" "as.data.frame.matrix" "FUN" "lapply" 1#629 "data.table::rbindlist" 1#629 "FUN" "lapply" 2#502 "PanelMatch" 
"vapply" "setDT" "data.table::rbindlist" 1#629 "FUN" "lapply" 2#502 "PanelMatch" 
"alloc.col" "[.data.table" 2#509 "[" 2#509 "FUN" "lapply" 2#508 "PanelMatch" 
"factor" "levels" "%in%" "CBPS.fit" "eval" "eval" "CBPS::CBPS" 2#553 "withCallingHandlers" "suppressMessages" 2#553 "PanelMatch" 
"[.factor" "[" "as.list.factor" "as.list" "lapply" "sapply" "CBPS.2Treat" "CBPS.fit" "eval" "eval" "CBPS::CBPS" 2#553 "withCallingHandlers" "suppressMessages" 2#553 "PanelMatch" 
"factor" "levels" "ifelse" "FUN" "lapply" "sapply" "CBPS.2Treat" "CBPS.fit" "eval" "eval" "CBPS::CBPS" 2#553 "withCallingHandlers" "suppressMessages" 2#553 "PanelMatch" 
"unique.default" "unique" "factor" "levels" "ifelse" "FUN" "lapply" "sapply" "CBPS.2Treat" "CBPS.fit" "eval" "eval" "CBPS::CBPS" 2#553 "withCallingHandlers" "suppressMessages" 2#553 "PanelMatch" 
"factor" "levels" "ifelse" "FUN" "lapply" "sapply" "CBPS.2Treat" "CBPS.fit" "eval" "eval" "CBPS::CBPS" 2#553 "withCallingHandlers" "suppressMessages" 2#553 "PanelMatch" 
"as.character.factor" "as.character" "as.character" "factor" "levels" "ifelse" "FUN" "lapply" "sapply" "CBPS.2Treat" "CBPS.fit" "eval" "eval" "CBPS::CBPS" 2#553 "withCallingHandlers" "suppressMessages" 2#553 "PanelMatch" 
"factor" "levels" "ifelse" "FUN" "lapply" "sapply" "CBPS.2Treat" "CBPS.fit" "eval" "eval" "CBPS::CBPS" 2#553 "withCallingHandlers" "suppressMessages" 2#553 "PanelMatch" 
"levels" "nlevels" "unique.default" "unique" "factor" "levels" "ifelse" "FUN" "lapply" "sapply" "CBPS.2Treat" "CBPS.fit" "eval" "eval" "CBPS::CBPS" 2#553 "withCallingHandlers" "suppressMessages" 2#553 "PanelMatch" 
"as.character.factor" "as.character" "as.character" "factor" "levels" "ifelse" "FUN" "lapply" "sapply" "CBPS.2Treat" "CBPS.fit" "eval" "eval" "CBPS::CBPS" 2#553 "withCallingHandlers" "suppressMessages" 2#553 "PanelMatch" 
"factor" "levels" "ifelse" "FUN" "lapply" "sapply" "CBPS.2Treat" "CBPS.fit" "eval" "eval" "CBPS::CBPS" 2#553 "withCallingHandlers" "suppressMessages" 2#553 "PanelMatch" 
"unique.default" "unique" "factor" "levels" "ifelse" "FUN" "lapply" "sapply" "CBPS.2Treat" "CBPS.fit" "eval" "eval" "CBPS::CBPS" 2#553 "withCallingHandlers" "suppressMessages" 2#553 "PanelMatch" 
"eval" "match.arg" "order" "do.call" "order" "factor" "levels" "ifelse" "FUN" "lapply" "sapply" "CBPS.2Treat" "CBPS.fit" "eval" "eval" "CBPS::CBPS" 2#553 "withCallingHandlers" "suppressMessages" 2#553 "PanelMatch" 
"as.character.factor" "as.character" "as.character" "factor" "levels" "ifelse" "FUN" "lapply" "sapply" "CBPS.2Treat" "CBPS.fit" "eval" "eval" "CBPS::CBPS" 2#553 "withCallingHandlers" "suppressMessages" 2#553 "PanelMatch" 
"factor" "levels" "ifelse" "FUN" "lapply" "sapply" "CBPS.2Treat" "CBPS.fit" "eval" "eval" "CBPS::CBPS" 2#553 "withCallingHandlers" "suppressMessages" 2#553 "PanelMatch" 
"attr" "levels.default" "levels" "nlevels" "factor" "unique.default" "unique" "factor" "levels" "ifelse" "FUN" "lapply" "sapply" "CBPS.2Treat" "CBPS.fit" "eval" "eval" "CBPS::CBPS" 2#553 "withCallingHandlers" "suppressMessages" 2#553 "PanelMatch" 
"factor" "levels" "ifelse" "FUN" "lapply" "sapply" "CBPS.2Treat" "CBPS.fit" "eval" "eval" "CBPS::CBPS" 2#553 "withCallingHandlers" "suppressMessages" 2#553 "PanelMatch" 
"factor" "levels" "ifelse" "FUN" "lapply" "sapply" "CBPS.2Treat" "CBPS.fit" "eval" "eval" "CBPS::CBPS" 2#553 "withCallingHandlers" "suppressMessages" 2#553 "PanelMatch" 
"as.character.factor" "as.character" "as.character" "factor" "levels" "ifelse" "FUN" "lapply" "sapply" "CBPS.2Treat" "CBPS.fit" "eval" "eval" "CBPS::CBPS" 2#553 "withCallingHandlers" "suppressMessages" 2#553 "PanelMatch" 
"unique.default" "unique" "factor" "levels" "ifelse" "FUN" "lapply" "sapply" "CBPS.2Treat" "CBPS.fit" "eval" "eval" "CBPS::CBPS" 2#553 "withCallingHandlers" "suppressMessages" 2#553 "PanelMatch" 
"formals" "match.arg" "order" "factor" "levels" "ifelse" "FUN" "lapply" "sapply" "CBPS.2Treat" "CBPS.fit" "eval" "eval" "CBPS::CBPS" 2#553 "withCallingHandlers" "suppressMessages" 2#553 "PanelMatch" 
"FUN" "lapply" "sapply" "CBPS.2Treat" "CBPS.fit" "eval" "eval" "CBPS::CBPS" 2#553 "withCallingHandlers" "suppressMessages" 2#553 "PanelMatch" 
"match.arg" "order" "factor" "levels" "ifelse" "FUN" "lapply" "sapply" "CBPS.2Treat" "CBPS.fit" "eval" "eval" "CBPS::CBPS" 2#553 "withCallingHandlers" "suppressMessages" 2#553 "PanelMatch" 
"unique.default" "unique" "factor" "levels" "ifelse" "FUN" "lapply" "sapply" "CBPS.2Treat" "CBPS.fit" "eval" "eval" "CBPS::CBPS" 2#553 "withCallingHandlers" "suppressMessages" 2#553 "PanelMatch" 
"as.character.factor" "as.character" "as.character" "factor" "levels" "ifelse" "FUN" "lapply" "sapply" "CBPS.2Treat" "CBPS.fit" "eval" "eval" "CBPS::CBPS" 2#553 "withCallingHandlers" "suppressMessages" 2#553 "PanelMatch" 
"eval" "match.arg" "order" "factor" "levels" "ifelse" "FUN" "lapply" "sapply" "CBPS.2Treat" "CBPS.fit" "eval" "eval" "CBPS::CBPS" 2#553 "withCallingHandlers" "suppressMessages" 2#553 "PanelMatch" 
"levels" "nlevels" "factor" "unique.default" "unique" "factor" "levels" "ifelse" "FUN" "lapply" "sapply" "CBPS.2Treat" "CBPS.fit" "eval" "eval" "CBPS::CBPS" 2#553 "withCallingHandlers" "suppressMessages" 2#553 "PanelMatch" 
"vapply" "order" "factor" "levels" "ifelse" "FUN" "lapply" "sapply" "CBPS.2Treat" "CBPS.fit" "eval" "eval" "CBPS::CBPS" 2#553 "withCallingHandlers" "suppressMessages" 2#553 "PanelMatch" 
"factor" "levels" "ifelse" "FUN" "lapply" "sapply" "CBPS.2Treat" "CBPS.fit" "eval" "eval" "CBPS::CBPS" 2#553 "withCallingHandlers" "suppressMessages" 2#553 "PanelMatch" 
"logical" "vapply" "order" "factor" "levels" "ifelse" "FUN" "lapply" "sapply" "CBPS.2Treat" "CBPS.fit" "eval" "eval" "CBPS::CBPS" 2#553 "withCallingHandlers" "suppressMessages" 2#553 "PanelMatch" 
"as.character.factor" "as.character" "as.character" "factor" "levels" "ifelse" "FUN" "lapply" "sapply" "CBPS.2Treat" "CBPS.fit" "eval" "eval" "CBPS::CBPS" 2#553 "withCallingHandlers" "suppressMessages" 2#553 "PanelMatch" 
"glm.fit" "eval" "eval" "glm" "withCallingHandlers" "suppressWarnings" "CBPS.2Treat" "CBPS.fit" "eval" "eval" "CBPS::CBPS" 2#553 "withCallingHandlers" "suppressMessages" 2#553 "PanelMatch" 
"matrix" "La.svd" "svd" "ginv" "gmm.func" "gmm.loss" "f" "<Anonymous>" ".External2" "optimize" "CBPS.2Treat" "CBPS.fit" "eval" "eval" "CBPS::CBPS" 2#553 "withCallingHandlers" "suppressMessages" 2#553 "PanelMatch" 
"t" "fn" "<Anonymous>" ".External2" "optim" "CBPS.2Treat" "CBPS.fit" "eval" "eval" "CBPS::CBPS" 2#553 "withCallingHandlers" "suppressMessages" 2#553 "PanelMatch" 
"%*%" "as.vector" "fn" "<Anonymous>" ".External2" "optim" "CBPS.2Treat" "CBPS.fit" "eval" "eval" "CBPS::CBPS" 2#553 "withCallingHandlers" "suppressMessages" 2#553 "PanelMatch" 
"t" "gr" "<Anonymous>" ".External2" "optim" "CBPS.2Treat" "CBPS.fit" "eval" "eval" "CBPS::CBPS" 2#553 "withCallingHandlers" "suppressMessages" 2#553 "PanelMatch" 
"t" "fn" "<Anonymous>" ".External2" "optim" "CBPS.2Treat" "CBPS.fit" "eval" "eval" "CBPS::CBPS" 2#553 "withCallingHandlers" "suppressMessages" 2#553 "PanelMatch" 
"ifelse" "FUN" "lapply" "sapply" "gr" "<Anonymous>" ".External2" "optim" "CBPS.2Treat" "CBPS.fit" "eval" "eval" "CBPS::CBPS" 2#553 "withCallingHandlers" "suppressMessages" 2#553 "PanelMatch" 
"t" "gr" "<Anonymous>" ".External2" "optim" "CBPS.2Treat" "CBPS.fit" "eval" "eval" "CBPS::CBPS" 2#553 "withCallingHandlers" "suppressMessages" 2#553 "PanelMatch" 
"pmin" "fn" "<Anonymous>" ".External2" "optim" "CBPS.2Treat" "CBPS.fit" "eval" "eval" "CBPS::CBPS" 2#553 "withCallingHandlers" "suppressMessages" 2#553 "PanelMatch" 
"t" "fn" "<Anonymous>" ".External2" "optim" "CBPS.2Treat" "CBPS.fit" "eval" "eval" "CBPS::CBPS" 2#553 "withCallingHandlers" "suppressMessages" 2#553 "PanelMatch" 
"t" "fn" "<Anonymous>" ".External2" "optim" "CBPS.2Treat" "CBPS.fit" "eval" "eval" "CBPS::CBPS" 2#553 "withCallingHandlers" "suppressMessages" 2#553 "PanelMatch" 
"ATT.wt.func" "gr" "<Anonymous>" ".External2" "optim" "CBPS.2Treat" "CBPS.fit" "eval" "eval" "CBPS::CBPS" 2#553 "withCallingHandlers" "suppressMessages" 2#553 "PanelMatch" 
"t.default" "t" "fn" "<Anonymous>" ".External2" "optim" "CBPS.2Treat" "CBPS.fit" "eval" "eval" "CBPS::CBPS" 2#553 "withCallingHandlers" "suppressMessages" 2#553 "PanelMatch" 
"t.default" "t" "gr" "<Anonymous>" ".External2" "optim" "CBPS.2Treat" "CBPS.fit" "eval" "eval" "CBPS::CBPS" 2#553 "withCallingHandlers" "suppressMessages" 2#553 "PanelMatch" 
"t" "gr" "<Anonymous>" ".External2" "optim" "CBPS.2Treat" "CBPS.fit" "eval" "eval" "CBPS::CBPS" 2#553 "withCallingHandlers" "suppressMessages" 2#553 "PanelMatch" 
"ATT.wt.func" "fn" "<Anonymous>" ".External2" "optim" "CBPS.2Treat" "CBPS.fit" "eval" "eval" "CBPS::CBPS" 2#553 "withCallingHandlers" "suppressMessages" 2#553 "PanelMatch" 
"t" "gr" "<Anonymous>" ".External2" "optim" "CBPS.2Treat" "CBPS.fit" "eval" "eval" "CBPS::CBPS" 2#553 "withCallingHandlers" "suppressMessages" 2#553 "PanelMatch" 
"t" "gr" "<Anonymous>" ".External2" "optim" "CBPS.2Treat" "CBPS.fit" "eval" "eval" "CBPS::CBPS" 2#553 "withCallingHandlers" "suppressMessages" 2#553 "PanelMatch" 
"t.default" "t" "gr" "<Anonymous>" ".External2" "optim" "CBPS.2Treat" "CBPS.fit" "eval" "eval" "CBPS::CBPS" 2#553 "withCallingHandlers" "suppressMessages" 2#553 "PanelMatch" 
"t" "fn" "<Anonymous>" ".External2" "optim" "CBPS.2Treat" "CBPS.fit" "eval" "eval" "CBPS::CBPS" 2#553 "withCallingHandlers" "suppressMessages" 2#553 "PanelMatch" 
"t.default" "t" "gr" "<Anonymous>" ".External2" "optim" "CBPS.2Treat" "CBPS.fit" "eval" "eval" "CBPS::CBPS" 2#553 "withCallingHandlers" "suppressMessages" 2#553 "PanelMatch" 
"t" "gr" "<Anonymous>" ".External2" "optim" "CBPS.2Treat" "CBPS.fit" "eval" "eval" "CBPS::CBPS" 2#553 "withCallingHandlers" "suppressMessages" 2#553 "PanelMatch" 
"t" "fn" "<Anonymous>" ".External2" "optim" "CBPS.2Treat" "CBPS.fit" "eval" "eval" "CBPS::CBPS" 2#553 "withCallingHandlers" "suppressMessages" 2#553 "PanelMatch" 
"fn" "<Anonymous>" ".External2" "optim" "CBPS.2Treat" "CBPS.fit" "eval" "eval" "CBPS::CBPS" 2#553 "withCallingHandlers" "suppressMessages" 2#553 "PanelMatch" 
"t" "gr" "<Anonymous>" ".External2" "optim" "CBPS.2Treat" "CBPS.fit" "eval" "eval" "CBPS::CBPS" 2#553 "withCallingHandlers" "suppressMessages" 2#553 "PanelMatch" 
"t.default" "t" "gr" "<Anonymous>" ".External2" "optim" "CBPS.2Treat" "CBPS.fit" "eval" "eval" "CBPS::CBPS" 2#553 "withCallingHandlers" "suppressMessages" 2#553 "PanelMatch" 
"t" "cbind" "gr" "<Anonymous>" ".External2" "optim" "CBPS.2Treat" "CBPS.fit" "eval" "eval" "CBPS::CBPS" 2#553 "withCallingHandlers" "suppressMessages" 2#553 "PanelMatch" 
"t" "gmm.func" "fn" "<Anonymous>" ".External2" "optim" "CBPS.2Treat" "CBPS.fit" "eval" "eval" "CBPS::CBPS" 2#553 "withCallingHandlers" "suppressMessages" 2#553 "PanelMatch" 
"t" "gr" "<Anonymous>" ".External2" "optim" "CBPS.2Treat" "CBPS.fit" "eval" "eval" "CBPS::CBPS" 2#553 "withCallingHandlers" "suppressMessages" 2#553 "PanelMatch" 
"t" "gr" "<Anonymous>" ".External2" "optim" "CBPS.2Treat" "CBPS.fit" "eval" "eval" "CBPS::CBPS" 2#553 "withCallingHandlers" "suppressMessages" 2#553 "PanelMatch" 
"t" "gr" "<Anonymous>" ".External2" "optim" "CBPS.2Treat" "CBPS.fit" "eval" "eval" "CBPS::CBPS" 2#553 "withCallingHandlers" "suppressMessages" 2#553 "PanelMatch" 
"t.default" "t" "gr" "<Anonymous>" ".External2" "optim" "CBPS.2Treat" "CBPS.fit" "eval" "eval" "CBPS::CBPS" 2#553 "withCallingHandlers" "suppressMessages" 2#553 "PanelMatch" 
"t" "gmm.func" "fn" "<Anonymous>" ".External2" "optim" "CBPS.2Treat" "CBPS.fit" "eval" "eval" "CBPS::CBPS" 2#553 "withCallingHandlers" "suppressMessages" 2#553 "PanelMatch" 
"t.default" "t" "cbind" "gr" "<Anonymous>" ".External2" "optim" "CBPS.2Treat" "CBPS.fit" "eval" "eval" "CBPS::CBPS" 2#553 "withCallingHandlers" "suppressMessages" 2#553 "PanelMatch" 
"t" "gr" "<Anonymous>" ".External2" "optim" "CBPS.2Treat" "CBPS.fit" "eval" "eval" "CBPS::CBPS" 2#553 "withCallingHandlers" "suppressMessages" 2#553 "PanelMatch" 
"gmm.func" "fn" "<Anonymous>" ".External2" "optim" "CBPS.2Treat" "CBPS.fit" "eval" "eval" "CBPS::CBPS" 2#553 "withCallingHandlers" "suppressMessages" 2#553 "PanelMatch" 
"t.default" "t" "gr" "<Anonymous>" ".External2" "optim" "CBPS.2Treat" "CBPS.fit" "eval" "eval" "CBPS::CBPS" 2#553 "withCallingHandlers" "suppressMessages" 2#553 "PanelMatch" 
"t" "gmm.func" "fn" "<Anonymous>" ".External2" "optim" "CBPS.2Treat" "CBPS.fit" "eval" "eval" "CBPS::CBPS" 2#553 "withCallingHandlers" "suppressMessages" 2#553 "PanelMatch" 
"ATT.wt.func" "gmm.func" "fn" "<Anonymous>" ".External2" "optim" "CBPS.2Treat" "CBPS.fit" "eval" "eval" "CBPS::CBPS" 2#553 "withCallingHandlers" "suppressMessages" 2#553 "PanelMatch" 
"t" "cbind" "gr" "<Anonymous>" ".External2" "optim" "CBPS.2Treat" "CBPS.fit" "eval" "eval" "CBPS::CBPS" 2#553 "withCallingHandlers" "suppressMessages" 2#553 "PanelMatch" 
"t.default" "t" "gmm.func" "fn" "<Anonymous>" ".External2" "optim" "CBPS.2Treat" "CBPS.fit" "eval" "eval" "CBPS::CBPS" 2#553 "withCallingHandlers" "suppressMessages" 2#553 "PanelMatch" 
"t" "gmm.func" "fn" "<Anonymous>" ".External2" "optim" "CBPS.2Treat" "CBPS.fit" "eval" "eval" "CBPS::CBPS" 2#553 "withCallingHandlers" "suppressMessages" 2#553 "PanelMatch" 
"gr" "<Anonymous>" ".External2" "optim" "CBPS.2Treat" "CBPS.fit" "eval" "eval" "CBPS::CBPS" 2#553 "withCallingHandlers" "suppressMessages" 2#553 "PanelMatch" 
"t.default" "t" "gr" "<Anonymous>" ".External2" "optim" "CBPS.2Treat" "CBPS.fit" "eval" "eval" "CBPS::CBPS" 2#553 "withCallingHandlers" "suppressMessages" 2#553 "PanelMatch" 
"t" "gr" "<Anonymous>" ".External2" "optim" "CBPS.2Treat" "CBPS.fit" "eval" "eval" "CBPS::CBPS" 2#553 "withCallingHandlers" "suppressMessages" 2#553 "PanelMatch" 
"t" "gmm.func" "fn" "<Anonymous>" ".External2" "optim" "CBPS.2Treat" "CBPS.fit" "eval" "eval" "CBPS::CBPS" 2#553 "withCallingHandlers" "suppressMessages" 2#553 "PanelMatch" 
"t" "gmm.func" "fn" "<Anonymous>" ".External2" "optim" "CBPS.2Treat" "CBPS.fit" "eval" "eval" "CBPS::CBPS" 2#553 "withCallingHandlers" "suppressMessages" 2#553 "PanelMatch" 
"t" "gmm.func" "fn" "<Anonymous>" ".External2" "optim" "CBPS.2Treat" "CBPS.fit" "eval" "eval" "CBPS::CBPS" 2#553 "withCallingHandlers" "suppressMessages" 2#553 "PanelMatch" 
"pmin" "gmm.func" "fn" "<Anonymous>" ".External2" "optim" "CBPS.2Treat" "CBPS.fit" "eval" "eval" "CBPS::CBPS" 2#553 "withCallingHandlers" "suppressMessages" 2#553 "PanelMatch" 
"ATT.wt.func" "gmm.func" "fn" "<Anonymous>" ".External2" "optim" "CBPS.2Treat" "CBPS.fit" "eval" "eval" "CBPS::CBPS" 2#553 "withCallingHandlers" "suppressMessages" 2#553 "PanelMatch" 
"t" "cbind" "gr" "<Anonymous>" ".External2" "optim" "CBPS.2Treat" "CBPS.fit" "eval" "eval" "CBPS::CBPS" 2#553 "withCallingHandlers" "suppressMessages" 2#553 "PanelMatch" 
"t" "gmm.func" "fn" "<Anonymous>" ".External2" "optim" "CBPS.2Treat" "CBPS.fit" "eval" "eval" "CBPS::CBPS" 2#553 "withCallingHandlers" "suppressMessages" 2#553 "PanelMatch" 
"ATT.wt.func" "gmm.func" "fn" "<Anonymous>" ".External2" "optim" "CBPS.2Treat" "CBPS.fit" "eval" "eval" "CBPS::CBPS" 2#553 "withCallingHandlers" "suppressMessages" 2#553 "PanelMatch" 
"t" "gmm.func" "fn" "<Anonymous>" ".External2" "optim" "CBPS.2Treat" "CBPS.fit" "eval" "eval" "CBPS::CBPS" 2#553 "withCallingHandlers" "suppressMessages" 2#553 "PanelMatch" 
"pmin" "ATT.wt.func" "gmm.func" "fn" "<Anonymous>" ".External2" "optim" "CBPS.2Treat" "CBPS.fit" "eval" "eval" "CBPS::CBPS" 2#553 "withCallingHandlers" "suppressMessages" 2#553 "PanelMatch" 
"t.default" "t" "gmm.func" "fn" "<Anonymous>" ".External2" "optim" "CBPS.2Treat" "CBPS.fit" "eval" "eval" "CBPS::CBPS" 2#553 "withCallingHandlers" "suppressMessages" 2#553 "PanelMatch" 
"t" "gmm.func" "fn" "<Anonymous>" ".External2" "optim" "CBPS.2Treat" "CBPS.fit" "eval" "eval" "CBPS::CBPS" 2#553 "withCallingHandlers" "suppressMessages" 2#553 "PanelMatch" 
"t" "gmm.func" "fn" "<Anonymous>" ".External2" "optim" "CBPS.2Treat" "CBPS.fit" "eval" "eval" "CBPS::CBPS" 2#553 "withCallingHandlers" "suppressMessages" 2#553 "PanelMatch" 
"t" "cbind" "gr" "<Anonymous>" ".External2" "optim" "CBPS.2Treat" "CBPS.fit" "eval" "eval" "CBPS::CBPS" 2#553 "withCallingHandlers" "suppressMessages" 2#553 "PanelMatch" 
"t" "gmm.func" "fn" "<Anonymous>" ".External2" "optim" "CBPS.2Treat" "CBPS.fit" "eval" "eval" "CBPS::CBPS" 2#553 "withCallingHandlers" "suppressMessages" 2#553 "PanelMatch" 
"t" "cbind" "gr" "<Anonymous>" ".External2" "optim" "CBPS.2Treat" "CBPS.fit" "eval" "eval" "CBPS::CBPS" 2#553 "withCallingHandlers" "suppressMessages" 2#553 "PanelMatch" 
"t.default" "t" "cbind" "gr" "<Anonymous>" ".External2" "optim" "CBPS.2Treat" "CBPS.fit" "eval" "eval" "CBPS::CBPS" 2#553 "withCallingHandlers" "suppressMessages" 2#553 "PanelMatch" 
"t" "gmm.func" "fn" "<Anonymous>" ".External2" "optim" "CBPS.2Treat" "CBPS.fit" "eval" "eval" "CBPS::CBPS" 2#553 "withCallingHandlers" "suppressMessages" 2#553 "PanelMatch" 
"t" "gmm.func" "fn" "<Anonymous>" ".External2" "optim" "CBPS.2Treat" "CBPS.fit" "eval" "eval" "CBPS::CBPS" 2#553 "withCallingHandlers" "suppressMessages" 2#553 "PanelMatch" 
"t.default" "t" "gr" "<Anonymous>" ".External2" "optim" "CBPS.2Treat" "CBPS.fit" "eval" "eval" "CBPS::CBPS" 2#553 "withCallingHandlers" "suppressMessages" 2#553 "PanelMatch" 
"t" "gr" "<Anonymous>" ".External2" "optim" "CBPS.2Treat" "CBPS.fit" "eval" "eval" "CBPS::CBPS" 2#553 "withCallingHandlers" "suppressMessages" 2#553 "PanelMatch" 
"t" "cbind" "gr" "<Anonymous>" ".External2" "optim" "CBPS.2Treat" "CBPS.fit" "eval" "eval" "CBPS::CBPS" 2#553 "withCallingHandlers" "suppressMessages" 2#553 "PanelMatch" 
"copy" "as.data.frame.data.table" "as.data.frame" 2#569 "FUN" "lapply" 2#562 "PanelMatch" 
".Call" 4#21 "findDDmatched2" 2#590 "lapply" "unlist" "Filter" 2#590 "lapply" 2#590 "PanelMatch" 
"lapply" 1#626 "unlist" 1#626 "FUN" "lapply" 2#590 "PanelMatch" 
"lapply" 1#626 "unlist" 1#626 "FUN" "lapply" 2#590 "PanelMatch" 
"FUN" "lapply" 1#626 "unlist" 1#626 "FUN" "lapply" 2#590 "PanelMatch" 
"as.data.frame.matrix" "FUN" "lapply" 1#629 "data.table::rbindlist" 1#629 "FUN" "lapply" 2#599 "PanelMatch" 
"[.data.table" 1#630 "[" 1#630 "FUN" "lapply" 2#599 "PanelMatch" 
"as.vector" "as.data.frame.matrix" "FUN" "lapply" 1#629 "data.table::rbindlist" 1#629 "FUN" "lapply" 2#599 "PanelMatch" 
"as.vector" "as.data.frame.matrix" "FUN" "lapply" 1#629 "data.table::rbindlist" 1#629 "FUN" "lapply" 2#599 "PanelMatch" 
"as.vector" "as.data.frame.matrix" "FUN" "lapply" 1#629 "data.table::rbindlist" 1#629 "FUN" "lapply" 2#599 "PanelMatch" 
"as.vector" "as.data.frame.matrix" "FUN" "lapply" 1#629 "data.table::rbindlist" 1#629 "FUN" "lapply" 2#599 "PanelMatch" 
"as.vector" "as.data.frame.matrix" "FUN" "lapply" 1#629 "data.table::rbindlist" 1#629 "FUN" "lapply" 2#599 "PanelMatch" 
"as.vector" "as.data.frame.matrix" "FUN" "lapply" 1#629 "data.table::rbindlist" 1#629 "FUN" "lapply" 2#599 "PanelMatch" 
"as.vector" "as.data.frame.matrix" "FUN" "lapply" 1#629 "data.table::rbindlist" 1#629 "FUN" "lapply" 2#599 "PanelMatch" 
"as.vector" "as.data.frame.matrix" "FUN" "lapply" 1#629 "data.table::rbindlist" 1#629 "FUN" "lapply" 2#599 "PanelMatch" 
"as.vector" "as.data.frame.matrix" "FUN" "lapply" 1#629 "data.table::rbindlist" 1#629 "FUN" "lapply" 2#599 "PanelMatch" 
"as.vector" "as.data.frame.matrix" "FUN" "lapply" 1#629 "data.table::rbindlist" 1#629 "FUN" "lapply" 2#599 "PanelMatch" 
"setDT" "data.table::rbindlist" 1#629 "FUN" "lapply" 2#599 "PanelMatch" 
"rbindlist" 2#619 "PanelMatch" 
"as.character.factor" "as.character" "as.character" "factor" "levels" "ifelse" "FUN" "lapply" "sapply" "CBPS.2Treat" "CBPS.fit" "eval" "eval" "CBPS::CBPS" 2#636 "withCallingHandlers" "suppressMessages" 2#636 "PanelMatch" 
"as.character.factor" "as.character" "as.character" "factor" "levels" "ifelse" "FUN" "lapply" "sapply" "CBPS.2Treat" "CBPS.fit" "eval" "eval" "CBPS::CBPS" 2#636 "withCallingHandlers" "suppressMessages" 2#636 "PanelMatch" 
"vapply" "order" "factor" "levels" "ifelse" "FUN" "lapply" "sapply" "CBPS.2Treat" "CBPS.fit" "eval" "eval" "CBPS::CBPS" 2#636 "withCallingHandlers" "suppressMessages" 2#636 "PanelMatch" 
"factor" "levels" "ifelse" "FUN" "lapply" "sapply" "CBPS.2Treat" "CBPS.fit" "eval" "eval" "CBPS::CBPS" 2#636 "withCallingHandlers" "suppressMessages" 2#636 "PanelMatch" 
"factor" "levels" "ifelse" "FUN" "lapply" "sapply" "CBPS.2Treat" "CBPS.fit" "eval" "eval" "CBPS::CBPS" 2#636 "withCallingHandlers" "suppressMessages" 2#636 "PanelMatch" 
"unique.default" "unique" "factor" "levels" "ifelse" "FUN" "lapply" "sapply" "CBPS.2Treat" "CBPS.fit" "eval" "eval" "CBPS::CBPS" 2#636 "withCallingHandlers" "suppressMessages" 2#636 "PanelMatch" 
"factor" "levels" "ifelse" "FUN" "lapply" "sapply" "CBPS.2Treat" "CBPS.fit" "eval" "eval" "CBPS::CBPS" 2#636 "withCallingHandlers" "suppressMessages" 2#636 "PanelMatch" 
"unique.default" "unique" "factor" "levels" "ifelse" "FUN" "lapply" "sapply" "CBPS.2Treat" "CBPS.fit" "eval" "eval" "CBPS::CBPS" 2#636 "withCallingHandlers" "suppressMessages" 2#636 "PanelMatch" 
"unique.default" "unique" "factor" "levels" "ifelse" "FUN" "lapply" "sapply" "CBPS.2Treat" "CBPS.fit" "eval" "eval" "CBPS::CBPS" 2#636 "withCallingHandlers" "suppressMessages" 2#636 "PanelMatch" 
"as.character.factor" "as.character" "as.character" "factor" "levels" "ifelse" "FUN" "lapply" "sapply" "CBPS.2Treat" "CBPS.fit" "eval" "eval" "CBPS::CBPS" 2#636 "withCallingHandlers" "suppressMessages" 2#636 "PanelMatch" 
"as.character.factor" "as.character" "as.character" "factor" "levels" "ifelse" "FUN" "lapply" "sapply" "CBPS.2Treat" "CBPS.fit" "eval" "eval" "CBPS::CBPS" 2#636 "withCallingHandlers" "suppressMessages" 2#636 "PanelMatch" 
"factor" "levels" "ifelse" "FUN" "lapply" "sapply" "CBPS.2Treat" "CBPS.fit" "eval" "eval" "CBPS::CBPS" 2#636 "withCallingHandlers" "suppressMessages" 2#636 "PanelMatch" 
"factor" "levels" "ifelse" "FUN" "lapply" "sapply" "CBPS.2Treat" "CBPS.fit" "eval" "eval" "CBPS::CBPS" 2#636 "withCallingHandlers" "suppressMessages" 2#636 "PanelMatch" 
"vapply" "order" "factor" "levels" "ifelse" "FUN" "lapply" "sapply" "CBPS.2Treat" "CBPS.fit" "eval" "eval" "CBPS::CBPS" 2#636 "withCallingHandlers" "suppressMessages" 2#636 "PanelMatch" 
"t.default" "t" "cbind" "rbind" "gmm.func" "gmm.loss" "f" "<Anonymous>" ".External2" "optimize" "CBPS.2Treat" "CBPS.fit" "eval" "eval" "CBPS::CBPS" 2#636 "withCallingHandlers" "suppressMessages" 2#636 "PanelMatch" 
"t" "gr" "<Anonymous>" ".External2" "optim" "CBPS.2Treat" "CBPS.fit" "eval" "eval" "CBPS::CBPS" 2#636 "withCallingHandlers" "suppressMessages" 2#636 "PanelMatch" 
"t" "fn" "<Anonymous>" ".External2" "optim" "CBPS.2Treat" "CBPS.fit" "eval" "eval" "CBPS::CBPS" 2#636 "withCallingHandlers" "suppressMessages" 2#636 "PanelMatch" 
"t" "fn" "<Anonymous>" ".External2" "optim" "CBPS.2Treat" "CBPS.fit" "eval" "eval" "CBPS::CBPS" 2#636 "withCallingHandlers" "suppressMessages" 2#636 "PanelMatch" 
"ATT.wt.func" "gr" "<Anonymous>" ".External2" "optim" "CBPS.2Treat" "CBPS.fit" "eval" "eval" "CBPS::CBPS" 2#636 "withCallingHandlers" "suppressMessages" 2#636 "PanelMatch" 
"t" "fn" "<Anonymous>" ".External2" "optim" "CBPS.2Treat" "CBPS.fit" "eval" "eval" "CBPS::CBPS" 2#636 "withCallingHandlers" "suppressMessages" 2#636 "PanelMatch" 
"t" "fn" "<Anonymous>" ".External2" "optim" "CBPS.2Treat" "CBPS.fit" "eval" "eval" "CBPS::CBPS" 2#636 "withCallingHandlers" "suppressMessages" 2#636 "PanelMatch" 
"%*%" "as.vector" "ATT.wt.func" "gr" "<Anonymous>" ".External2" "optim" "CBPS.2Treat" "CBPS.fit" "eval" "eval" "CBPS::CBPS" 2#636 "withCallingHandlers" "suppressMessages" 2#636 "PanelMatch" 
"ATT.wt.func" "fn" "<Anonymous>" ".External2" "optim" "CBPS.2Treat" "CBPS.fit" "eval" "eval" "CBPS::CBPS" 2#636 "withCallingHandlers" "suppressMessages" 2#636 "PanelMatch" 
"t" "fn" "<Anonymous>" ".External2" "optim" "CBPS.2Treat" "CBPS.fit" "eval" "eval" "CBPS::CBPS" 2#636 "withCallingHandlers" "suppressMessages" 2#636 "PanelMatch" 
"ATT.wt.func" "fn" "<Anonymous>" ".External2" "optim" "CBPS.2Treat" "CBPS.fit" "eval" "eval" "CBPS::CBPS" 2#636 "withCallingHandlers" "suppressMessages" 2#636 "PanelMatch" 
"t.default" "t" "gr" "<Anonymous>" ".External2" "optim" "CBPS.2Treat" "CBPS.fit" "eval" "eval" "CBPS::CBPS" 2#636 "withCallingHandlers" "suppressMessages" 2#636 "PanelMatch" 
"t" "fn" "<Anonymous>" ".External2" "optim" "CBPS.2Treat" "CBPS.fit" "eval" "eval" "CBPS::CBPS" 2#636 "withCallingHandlers" "suppressMessages" 2#636 "PanelMatch" 
"as.matrix" "ATT.wt.func" "fn" "<Anonymous>" ".External2" "optim" "CBPS.2Treat" "CBPS.fit" "eval" "eval" "CBPS::CBPS" 2#636 "withCallingHandlers" "suppressMessages" 2#636 "PanelMatch" 
"t" "gr" "<Anonymous>" ".External2" "optim" "CBPS.2Treat" "CBPS.fit" "eval" "eval" "CBPS::CBPS" 2#636 "withCallingHandlers" "suppressMessages" 2#636 "PanelMatch" 
"t" "fn" "<Anonymous>" ".External2" "optim" "CBPS.2Treat" "CBPS.fit" "eval" "eval" "CBPS::CBPS" 2#636 "withCallingHandlers" "suppressMessages" 2#636 "PanelMatch" 
"t" "fn" "<Anonymous>" ".External2" "optim" "CBPS.2Treat" "CBPS.fit" "eval" "eval" "CBPS::CBPS" 2#636 "withCallingHandlers" "suppressMessages" 2#636 "PanelMatch" 
"t" "fn" "<Anonymous>" ".External2" "optim" "CBPS.2Treat" "CBPS.fit" "eval" "eval" "CBPS::CBPS" 2#636 "withCallingHandlers" "suppressMessages" 2#636 "PanelMatch" 
"t" "fn" "<Anonymous>" ".External2" "optim" "CBPS.2Treat" "CBPS.fit" "eval" "eval" "CBPS::CBPS" 2#636 "withCallingHandlers" "suppressMessages" 2#636 "PanelMatch" 
"t.default" "t" "gr" "<Anonymous>" ".External2" "optim" "CBPS.2Treat" "CBPS.fit" "eval" "eval" "CBPS::CBPS" 2#636 "withCallingHandlers" "suppressMessages" 2#636 "PanelMatch" 
"t" "fn" "<Anonymous>" ".External2" "optim" "CBPS.2Treat" "CBPS.fit" "eval" "eval" "CBPS::CBPS" 2#636 "withCallingHandlers" "suppressMessages" 2#636 "PanelMatch" 
"t" "fn" "<Anonymous>" ".External2" "optim" "CBPS.2Treat" "CBPS.fit" "eval" "eval" "CBPS::CBPS" 2#636 "withCallingHandlers" "suppressMessages" 2#636 "PanelMatch" 
"ATT.wt.func" "fn" "<Anonymous>" ".External2" "optim" "CBPS.2Treat" "CBPS.fit" "eval" "eval" "CBPS::CBPS" 2#636 "withCallingHandlers" "suppressMessages" 2#636 "PanelMatch" 
"t" "fn" "<Anonymous>" ".External2" "optim" "CBPS.2Treat" "CBPS.fit" "eval" "eval" "CBPS::CBPS" 2#636 "withCallingHandlers" "suppressMessages" 2#636 "PanelMatch" 
"t" "gr" "<Anonymous>" ".External2" "optim" "CBPS.2Treat" "CBPS.fit" "eval" "eval" "CBPS::CBPS" 2#636 "withCallingHandlers" "suppressMessages" 2#636 "PanelMatch" 
"t" "fn" "<Anonymous>" ".External2" "optim" "CBPS.2Treat" "CBPS.fit" "eval" "eval" "CBPS::CBPS" 2#636 "withCallingHandlers" "suppressMessages" 2#636 "PanelMatch" 
"t" "gr" "<Anonymous>" ".External2" "optim" "CBPS.2Treat" "CBPS.fit" "eval" "eval" "CBPS::CBPS" 2#636 "withCallingHandlers" "suppressMessages" 2#636 "PanelMatch" 
"t.default" "t" "gr" "<Anonymous>" ".External2" "optim" "CBPS.2Treat" "CBPS.fit" "eval" "eval" "CBPS::CBPS" 2#636 "withCallingHandlers" "suppressMessages" 2#636 "PanelMatch" 
"t.default" "t" "gr" "<Anonymous>" ".External2" "optim" "CBPS.2Treat" "CBPS.fit" "eval" "eval" "CBPS::CBPS" 2#636 "withCallingHandlers" "suppressMessages" 2#636 "PanelMatch" 
"t" "fn" "<Anonymous>" ".External2" "optim" "CBPS.2Treat" "CBPS.fit" "eval" "eval" "CBPS::CBPS" 2#636 "withCallingHandlers" "suppressMessages" 2#636 "PanelMatch" 
"t" "fn" "<Anonymous>" ".External2" "optim" "CBPS.2Treat" "CBPS.fit" "eval" "eval" "CBPS::CBPS" 2#636 "withCallingHandlers" "suppressMessages" 2#636 "PanelMatch" 
"t.default" "t" "gr" "<Anonymous>" ".External2" "optim" "CBPS.2Treat" "CBPS.fit" "eval" "eval" "CBPS::CBPS" 2#636 "withCallingHandlers" "suppressMessages" 2#636 "PanelMatch" 
"t.default" "t" "fn" "<Anonymous>" ".External2" "optim" "CBPS.2Treat" "CBPS.fit" "eval" "eval" "CBPS::CBPS" 2#636 "withCallingHandlers" "suppressMessages" 2#636 "PanelMatch" 
"t" "fn" "<Anonymous>" ".External2" "optim" "CBPS.2Treat" "CBPS.fit" "eval" "eval" "CBPS::CBPS" 2#636 "withCallingHandlers" "suppressMessages" 2#636 "PanelMatch" 
"t" "fn" "<Anonymous>" ".External2" "optim" "CBPS.2Treat" "CBPS.fit" "eval" "eval" "CBPS::CBPS" 2#636 "withCallingHandlers" "suppressMessages" 2#636 "PanelMatch" 
"t.default" "t" "fn" "<Anonymous>" ".External2" "optim" "CBPS.2Treat" "CBPS.fit" "eval" "eval" "CBPS::CBPS" 2#636 "withCallingHandlers" "suppressMessages" 2#636 "PanelMatch" 
"t.default" "t" "gr" "<Anonymous>" ".External2" "optim" "CBPS.2Treat" "CBPS.fit" "eval" "eval" "CBPS::CBPS" 2#636 "withCallingHandlers" "suppressMessages" 2#636 "PanelMatch" 
"t" "gr" "<Anonymous>" ".External2" "optim" "CBPS.2Treat" "CBPS.fit" "eval" "eval" "CBPS::CBPS" 2#636 "withCallingHandlers" "suppressMessages" 2#636 "PanelMatch" 
"t" "fn" "<Anonymous>" ".External2" "optim" "CBPS.2Treat" "CBPS.fit" "eval" "eval" "CBPS::CBPS" 2#636 "withCallingHandlers" "suppressMessages" 2#636 "PanelMatch" 
"t" "gr" "<Anonymous>" ".External2" "optim" "CBPS.2Treat" "CBPS.fit" "eval" "eval" "CBPS::CBPS" 2#636 "withCallingHandlers" "suppressMessages" 2#636 "PanelMatch" 
"t" "gr" "<Anonymous>" ".External2" "optim" "CBPS.2Treat" "CBPS.fit" "eval" "eval" "CBPS::CBPS" 2#636 "withCallingHandlers" "suppressMessages" 2#636 "PanelMatch" 
"t" "fn" "<Anonymous>" ".External2" "optim" "CBPS.2Treat" "CBPS.fit" "eval" "eval" "CBPS::CBPS" 2#636 "withCallingHandlers" "suppressMessages" 2#636 "PanelMatch" 
"t" "fn" "<Anonymous>" ".External2" "optim" "CBPS.2Treat" "CBPS.fit" "eval" "eval" "CBPS::CBPS" 2#636 "withCallingHandlers" "suppressMessages" 2#636 "PanelMatch" 
"ATT.wt.func" "gr" "<Anonymous>" ".External2" "optim" "CBPS.2Treat" "CBPS.fit" "eval" "eval" "CBPS::CBPS" 2#636 "withCallingHandlers" "suppressMessages" 2#636 "PanelMatch" 
"t" "gr" "<Anonymous>" ".External2" "optim" "CBPS.2Treat" "CBPS.fit" "eval" "eval" "CBPS::CBPS" 2#636 "withCallingHandlers" "suppressMessages" 2#636 "PanelMatch" 
"t.default" "t" "gr" "<Anonymous>" ".External2" "optim" "CBPS.2Treat" "CBPS.fit" "eval" "eval" "CBPS::CBPS" 2#636 "withCallingHandlers" "suppressMessages" 2#636 "PanelMatch" 
"t.default" "t" "gr" "<Anonymous>" ".External2" "optim" "CBPS.2Treat" "CBPS.fit" "eval" "eval" "CBPS::CBPS" 2#636 "withCallingHandlers" "suppressMessages" 2#636 "PanelMatch" 
"t.default" "t" "gr" "<Anonymous>" ".External2" "optim" "CBPS.2Treat" "CBPS.fit" "eval" "eval" "CBPS::CBPS" 2#636 "withCallingHandlers" "suppressMessages" 2#636 "PanelMatch" 
"pmin" "gr" "<Anonymous>" ".External2" "optim" "CBPS.2Treat" "CBPS.fit" "eval" "eval" "CBPS::CBPS" 2#636 "withCallingHandlers" "suppressMessages" 2#636 "PanelMatch" 
"t.default" "t" "gr" "<Anonymous>" ".External2" "optim" "CBPS.2Treat" "CBPS.fit" "eval" "eval" "CBPS::CBPS" 2#636 "withCallingHandlers" "suppressMessages" 2#636 "PanelMatch" 
"t" "gr" "<Anonymous>" ".External2" "optim" "CBPS.2Treat" "CBPS.fit" "eval" "eval" "CBPS::CBPS" 2#636 "withCallingHandlers" "suppressMessages" 2#636 "PanelMatch" 
"t" "gr" "<Anonymous>" ".External2" "optim" "CBPS.2Treat" "CBPS.fit" "eval" "eval" "CBPS::CBPS" 2#636 "withCallingHandlers" "suppressMessages" 2#636 "PanelMatch" 
"t" "gr" "<Anonymous>" ".External2" "optim" "CBPS.2Treat" "CBPS.fit" "eval" "eval" "CBPS::CBPS" 2#636 "withCallingHandlers" "suppressMessages" 2#636 "PanelMatch" 
"t" "gr" "<Anonymous>" ".External2" "optim" "CBPS.2Treat" "CBPS.fit" "eval" "eval" "CBPS::CBPS" 2#636 "withCallingHandlers" "suppressMessages" 2#636 "PanelMatch" 
"t" "gr" "<Anonymous>" ".External2" "optim" "CBPS.2Treat" "CBPS.fit" "eval" "eval" "CBPS::CBPS" 2#636 "withCallingHandlers" "suppressMessages" 2#636 "PanelMatch" 
"t" "gr" "<Anonymous>" ".External2" "optim" "CBPS.2Treat" "CBPS.fit" "eval" "eval" "CBPS::CBPS" 2#636 "withCallingHandlers" "suppressMessages" 2#636 "PanelMatch" 
"t" "gr" "<Anonymous>" ".External2" "optim" "CBPS.2Treat" "CBPS.fit" "eval" "eval" "CBPS::CBPS" 2#636 "withCallingHandlers" "suppressMessages" 2#636 "PanelMatch" 
"t" "gr" "<Anonymous>" ".External2" "optim" "CBPS.2Treat" "CBPS.fit" "eval" "eval" "CBPS::CBPS" 2#636 "withCallingHandlers" "suppressMessages" 2#636 "PanelMatch" 
"t.default" "t" "fn" "<Anonymous>" ".External2" "optim" "CBPS.2Treat" "CBPS.fit" "eval" "eval" "CBPS::CBPS" 2#636 "withCallingHandlers" "suppressMessages" 2#636 "PanelMatch" 
"t.default" "t" "gr" "<Anonymous>" ".External2" "optim" "CBPS.2Treat" "CBPS.fit" "eval" "eval" "CBPS::CBPS" 2#636 "withCallingHandlers" "suppressMessages" 2#636 "PanelMatch" 
"t" "gr" "<Anonymous>" ".External2" "optim" "CBPS.2Treat" "CBPS.fit" "eval" "eval" "CBPS::CBPS" 2#636 "withCallingHandlers" "suppressMessages" 2#636 "PanelMatch" 
"t" "gr" "<Anonymous>" ".External2" "optim" "CBPS.2Treat" "CBPS.fit" "eval" "eval" "CBPS::CBPS" 2#636 "withCallingHandlers" "suppressMessages" 2#636 "PanelMatch" 
"t" "gmm.func" "fn" "<Anonymous>" ".External2" "optim" "CBPS.2Treat" "CBPS.fit" "eval" "eval" "CBPS::CBPS" 2#636 "withCallingHandlers" "suppressMessages" 2#636 "PanelMatch" 
"t" "gmm.func" "fn" "<Anonymous>" ".External2" "optim" "CBPS.2Treat" "CBPS.fit" "eval" "eval" "CBPS::CBPS" 2#636 "withCallingHandlers" "suppressMessages" 2#636 "PanelMatch" 
"t.default" "t" "gmm.func" "fn" "<Anonymous>" ".External2" "optim" "CBPS.2Treat" "CBPS.fit" "eval" "eval" "CBPS::CBPS" 2#636 "withCallingHandlers" "suppressMessages" 2#636 "PanelMatch" 
"t" "cbind" "gr" "<Anonymous>" ".External2" "optim" "CBPS.2Treat" "CBPS.fit" "eval" "eval" "CBPS::CBPS" 2#636 "withCallingHandlers" "suppressMessages" 2#636 "PanelMatch" 
"t.default" "t" "gr" "<Anonymous>" ".External2" "optim" "CBPS.2Treat" "CBPS.fit" "eval" "eval" "CBPS::CBPS" 2#636 "withCallingHandlers" "suppressMessages" 2#636 "PanelMatch" 
"gmm.func" "fn" "<Anonymous>" ".External2" "optim" "CBPS.2Treat" "CBPS.fit" "eval" "eval" "CBPS::CBPS" 2#636 "withCallingHandlers" "suppressMessages" 2#636 "PanelMatch" 
"t.default" "t" "cbind" "gr" "<Anonymous>" ".External2" "optim" "CBPS.2Treat" "CBPS.fit" "eval" "eval" "CBPS::CBPS" 2#636 "withCallingHandlers" "suppressMessages" 2#636 "PanelMatch" 
"t" "gr" "<Anonymous>" ".External2" "optim" "CBPS.2Treat" "CBPS.fit" "eval" "eval" "CBPS::CBPS" 2#636 "withCallingHandlers" "suppressMessages" 2#636 "PanelMatch" 
"t" "gmm.func" "fn" "<Anonymous>" ".External2" "optim" "CBPS.2Treat" "CBPS.fit" "eval" "eval" "CBPS::CBPS" 2#636 "withCallingHandlers" "suppressMessages" 2#636 "PanelMatch" 
"t.default" "t" "gr" "<Anonymous>" ".External2" "optim" "CBPS.2Treat" "CBPS.fit" "eval" "eval" "CBPS::CBPS" 2#636 "withCallingHandlers" "suppressMessages" 2#636 "PanelMatch" 
"t" "gmm.func" "fn" "<Anonymous>" ".External2" "optim" "CBPS.2Treat" "CBPS.fit" "eval" "eval" "CBPS::CBPS" 2#636 "withCallingHandlers" "suppressMessages" 2#636 "PanelMatch" 
"t.default" "t" "gmm.func" "fn" "<Anonymous>" ".External2" "optim" "CBPS.2Treat" "CBPS.fit" "eval" "eval" "CBPS::CBPS" 2#636 "withCallingHandlers" "suppressMessages" 2#636 "PanelMatch" 
"t" "gmm.func" "fn" "<Anonymous>" ".External2" "optim" "CBPS.2Treat" "CBPS.fit" "eval" "eval" "CBPS::CBPS" 2#636 "withCallingHandlers" "suppressMessages" 2#636 "PanelMatch" 
"t" "gmm.func" "fn" "<Anonymous>" ".External2" "optim" "CBPS.2Treat" "CBPS.fit" "eval" "eval" "CBPS::CBPS" 2#636 "withCallingHandlers" "suppressMessages" 2#636 "PanelMatch" 
"t.default" "t" "gmm.func" "fn" "<Anonymous>" ".External2" "optim" "CBPS.2Treat" "CBPS.fit" "eval" "eval" "CBPS::CBPS" 2#636 "withCallingHandlers" "suppressMessages" 2#636 "PanelMatch" 
"t" "gmm.func" "fn" "<Anonymous>" ".External2" "optim" "CBPS.2Treat" "CBPS.fit" "eval" "eval" "CBPS::CBPS" 2#636 "withCallingHandlers" "suppressMessages" 2#636 "PanelMatch" 
"t" "gmm.func" "fn" "<Anonymous>" ".External2" "optim" "CBPS.2Treat" "CBPS.fit" "eval" "eval" "CBPS::CBPS" 2#636 "withCallingHandlers" "suppressMessages" 2#636 "PanelMatch" 
"t" "gmm.func" "fn" "<Anonymous>" ".External2" "optim" "CBPS.2Treat" "CBPS.fit" "eval" "eval" "CBPS::CBPS" 2#636 "withCallingHandlers" "suppressMessages" 2#636 "PanelMatch" 
"t.default" "t" "gr" "<Anonymous>" ".External2" "optim" "CBPS.2Treat" "CBPS.fit" "eval" "eval" "CBPS::CBPS" 2#636 "withCallingHandlers" "suppressMessages" 2#636 "PanelMatch" 
"t" "gmm.func" "ifelse" "CBPS.2Treat" "CBPS.fit" "eval" "eval" "CBPS::CBPS" 2#636 "withCallingHandlers" "suppressMessages" 2#636 "PanelMatch" 
"as.matrix.data.frame" "as.matrix" 2#654 "FUN" "lapply" 2#645 "PanelMatch" 
"[.data.frame" 1#326 "[" 1#326 "PS_vit" 1#8 "FUN" "lapply" 2#718 "PanelMatch" 
"is.na<-.default" "is.na<-" "merge.data.frame" "merge" 1#355 "PS_vit" 1#8 "FUN" "lapply" 2#718 "PanelMatch" 
"[.data.frame" "[" "merge.data.frame" "merge" 1#355 "PS_vit" 1#8 "FUN" "lapply" 2#718 "PanelMatch" 
"$<-.data.frame" 1#356 "$<-" 1#356 "PS_vit" 1#8 "FUN" "lapply" 2#718 "PanelMatch" 
"[[" "[.data.frame" "[" "merge.data.frame" "merge" 1#355 "PS_vit" 1#8 "FUN" "lapply" 2#718 "PanelMatch" 
"[.data.frame" 1#357 "[" 1#357 "PS_vit" 1#8 "FUN" "lapply" 2#718 "PanelMatch" 
"all" "[[.data.frame" "[[" "[.data.frame" 1#357 "[" 1#357 "PS_vit" 1#8 "FUN" "lapply" 2#718 "PanelMatch" 
